[debug] [2025-12-09T10:47:51.482Z] ----------------------------------------------------------------------
[debug] [2025-12-09T10:47:51.492Z] Command:       C:\Program Files\nodejs\node.exe C:\Users\amits\AppData\Roaming\npm\node_modules\firebase-tools\lib\bin\firebase.js deploy --only functions:startLinkedInAuth,functions:linkedinCallback,functions:unLinkLinkedIn
[debug] [2025-12-09T10:47:51.492Z] CLI Version:   14.27.0
[debug] [2025-12-09T10:47:51.492Z] Platform:      win32
[debug] [2025-12-09T10:47:51.492Z] Node Version:  v20.12.1
[debug] [2025-12-09T10:47:51.492Z] Time:          Tue Dec 09 2025 03:47:51 GMT-0700 (Mountain Standard Time)
[debug] [2025-12-09T10:47:51.492Z] ----------------------------------------------------------------------
[debug] 
[debug] [2025-12-09T10:47:51.642Z] > command requires scopes: ["email","openid","https://www.googleapis.com/auth/cloudplatformprojects.readonly","https://www.googleapis.com/auth/firebase","https://www.googleapis.com/auth/cloud-platform"]
[debug] [2025-12-09T10:47:51.642Z] > authorizing via signed-in user (amitshalev1510@gmail.com)
[debug] [2025-12-09T10:47:51.642Z] [iam] checking project tutordesk-3cafb for permissions ["cloudfunctions.functions.create","cloudfunctions.functions.delete","cloudfunctions.functions.get","cloudfunctions.functions.list","cloudfunctions.functions.update","cloudfunctions.operations.get","firebase.projects.get"]
[debug] [2025-12-09T10:47:51.646Z] Checked if tokens are valid: true, expires at: 1765280152265
[debug] [2025-12-09T10:47:51.646Z] Checked if tokens are valid: true, expires at: 1765280152265
[debug] [2025-12-09T10:47:51.647Z] >>> [apiv2][query] POST https://cloudresourcemanager.googleapis.com/v1/projects/tutordesk-3cafb:testIamPermissions [none]
[debug] [2025-12-09T10:47:51.647Z] >>> [apiv2][(partial)header] POST https://cloudresourcemanager.googleapis.com/v1/projects/tutordesk-3cafb:testIamPermissions x-goog-quota-user=projects/tutordesk-3cafb
[debug] [2025-12-09T10:47:51.647Z] >>> [apiv2][body] POST https://cloudresourcemanager.googleapis.com/v1/projects/tutordesk-3cafb:testIamPermissions {"permissions":["cloudfunctions.functions.create","cloudfunctions.functions.delete","cloudfunctions.functions.get","cloudfunctions.functions.list","cloudfunctions.functions.update","cloudfunctions.operations.get","firebase.projects.get"]}
[debug] [2025-12-09T10:47:51.923Z] <<< [apiv2][status] POST https://cloudresourcemanager.googleapis.com/v1/projects/tutordesk-3cafb:testIamPermissions 200
[debug] [2025-12-09T10:47:51.923Z] <<< [apiv2][body] POST https://cloudresourcemanager.googleapis.com/v1/projects/tutordesk-3cafb:testIamPermissions {"permissions":["cloudfunctions.functions.create","cloudfunctions.functions.delete","cloudfunctions.functions.get","cloudfunctions.functions.list","cloudfunctions.functions.update","cloudfunctions.operations.get","firebase.projects.get"]}
[debug] [2025-12-09T10:47:51.923Z] Checked if tokens are valid: true, expires at: 1765280152265
[debug] [2025-12-09T10:47:51.923Z] Checked if tokens are valid: true, expires at: 1765280152265
[debug] [2025-12-09T10:47:51.923Z] >>> [apiv2][query] POST https://iam.googleapis.com/v1/projects/tutordesk-3cafb/serviceAccounts/tutordesk-3cafb@appspot.gserviceaccount.com:testIamPermissions [none]
[debug] [2025-12-09T10:47:51.923Z] >>> [apiv2][body] POST https://iam.googleapis.com/v1/projects/tutordesk-3cafb/serviceAccounts/tutordesk-3cafb@appspot.gserviceaccount.com:testIamPermissions {"permissions":["iam.serviceAccounts.actAs"]}
[debug] [2025-12-09T10:47:52.200Z] <<< [apiv2][status] POST https://iam.googleapis.com/v1/projects/tutordesk-3cafb/serviceAccounts/tutordesk-3cafb@appspot.gserviceaccount.com:testIamPermissions 200
[debug] [2025-12-09T10:47:52.200Z] <<< [apiv2][body] POST https://iam.googleapis.com/v1/projects/tutordesk-3cafb/serviceAccounts/tutordesk-3cafb@appspot.gserviceaccount.com:testIamPermissions {"permissions":["iam.serviceAccounts.actAs"]}
[info] 
[info] === Deploying to 'tutordesk-3cafb'...
[info] 
[info] i  deploying functions 
[debug] [2025-12-09T10:47:52.207Z] Checked if tokens are valid: true, expires at: 1765280152265
[debug] [2025-12-09T10:47:52.207Z] Checked if tokens are valid: true, expires at: 1765280152265
[debug] [2025-12-09T10:47:52.207Z] >>> [apiv2][query] GET https://cloudresourcemanager.googleapis.com/v1/projects/tutordesk-3cafb [none]
[debug] [2025-12-09T10:47:52.333Z] <<< [apiv2][status] GET https://cloudresourcemanager.googleapis.com/v1/projects/tutordesk-3cafb 200
[debug] [2025-12-09T10:47:52.333Z] <<< [apiv2][body] GET https://cloudresourcemanager.googleapis.com/v1/projects/tutordesk-3cafb {"projectNumber":"356804623998","projectId":"tutordesk-3cafb","lifecycleState":"ACTIVE","name":"tutorDesk","labels":{"firebase":"enabled","firebase-core":"disabled"},"createTime":"2025-11-20T11:59:48.232709Z"}
[info] i  functions: preparing codebase default for deployment 
[info] i  functions: ensuring required API cloudfunctions.googleapis.com is enabled... 
[info] i  functions: ensuring required API cloudbuild.googleapis.com is enabled... 
[info] i  artifactregistry: ensuring required API artifactregistry.googleapis.com is enabled... 
[debug] [2025-12-09T10:47:52.338Z] Checked if tokens are valid: true, expires at: 1765280152265
[debug] [2025-12-09T10:47:52.338Z] Checked if tokens are valid: true, expires at: 1765280152265
[debug] [2025-12-09T10:47:52.338Z] >>> [apiv2][query] GET https://firebase.googleapis.com/v1beta1/projects/tutordesk-3cafb/adminSdkConfig [none]
[debug] [2025-12-09T10:47:52.831Z] <<< [apiv2][status] GET https://firebase.googleapis.com/v1beta1/projects/tutordesk-3cafb/adminSdkConfig 200
[debug] [2025-12-09T10:47:52.831Z] <<< [apiv2][body] GET https://firebase.googleapis.com/v1beta1/projects/tutordesk-3cafb/adminSdkConfig {"projectId":"tutordesk-3cafb","storageBucket":"tutordesk-3cafb.firebasestorage.app"}
[debug] [2025-12-09T10:47:52.831Z] Checked if tokens are valid: true, expires at: 1765280152265
[debug] [2025-12-09T10:47:52.831Z] Checked if tokens are valid: true, expires at: 1765280152265
[debug] [2025-12-09T10:47:52.832Z] >>> [apiv2][query] GET https://runtimeconfig.googleapis.com/v1beta1/projects/tutordesk-3cafb/configs [none]
[debug] [2025-12-09T10:47:53.083Z] <<< [apiv2][status] GET https://runtimeconfig.googleapis.com/v1beta1/projects/tutordesk-3cafb/configs 200
[debug] [2025-12-09T10:47:53.083Z] <<< [apiv2][body] GET https://runtimeconfig.googleapis.com/v1beta1/projects/tutordesk-3cafb/configs {"configs":[{"name":"projects/tutordesk-3cafb/configs/google"},{"name":"projects/tutordesk-3cafb/configs/stripe"}]}
[debug] [2025-12-09T10:47:53.084Z] Checked if tokens are valid: true, expires at: 1765280152265
[debug] [2025-12-09T10:47:53.084Z] Checked if tokens are valid: true, expires at: 1765280152265
[debug] [2025-12-09T10:47:53.084Z] Checked if tokens are valid: true, expires at: 1765280152265
[debug] [2025-12-09T10:47:53.084Z] Checked if tokens are valid: true, expires at: 1765280152265
[debug] [2025-12-09T10:47:53.085Z] >>> [apiv2][query] GET https://runtimeconfig.googleapis.com/v1beta1/projects/tutordesk-3cafb/configs/google/variables [none]
[debug] [2025-12-09T10:47:53.086Z] >>> [apiv2][query] GET https://runtimeconfig.googleapis.com/v1beta1/projects/tutordesk-3cafb/configs/stripe/variables [none]
[debug] [2025-12-09T10:47:53.229Z] <<< [apiv2][status] GET https://runtimeconfig.googleapis.com/v1beta1/projects/tutordesk-3cafb/configs/google/variables 200
[debug] [2025-12-09T10:47:53.229Z] <<< [apiv2][body] GET https://runtimeconfig.googleapis.com/v1beta1/projects/tutordesk-3cafb/configs/google/variables {"variables":[{"name":"projects/tutordesk-3cafb/configs/google/variables/oauth_client_secret","updateTime":"2025-12-08T23:08:04.057235286Z"},{"name":"projects/tutordesk-3cafb/configs/google/variables/oauth_redirect_uri","updateTime":"2025-12-08T23:08:04.048628512Z"},{"name":"projects/tutordesk-3cafb/configs/google/variables/app_origin","updateTime":"2025-12-08T23:08:04.107249136Z"},{"name":"projects/tutordesk-3cafb/configs/google/variables/oauth_client_id","updateTime":"2025-12-08T23:08:04.076217182Z"}]}
[debug] [2025-12-09T10:47:53.230Z] Checked if tokens are valid: true, expires at: 1765280152265
[debug] [2025-12-09T10:47:53.230Z] Checked if tokens are valid: true, expires at: 1765280152265
[debug] [2025-12-09T10:47:53.230Z] Checked if tokens are valid: true, expires at: 1765280152265
[debug] [2025-12-09T10:47:53.230Z] Checked if tokens are valid: true, expires at: 1765280152265
[debug] [2025-12-09T10:47:53.230Z] Checked if tokens are valid: true, expires at: 1765280152265
[debug] [2025-12-09T10:47:53.230Z] Checked if tokens are valid: true, expires at: 1765280152265
[debug] [2025-12-09T10:47:53.230Z] Checked if tokens are valid: true, expires at: 1765280152265
[debug] [2025-12-09T10:47:53.231Z] Checked if tokens are valid: true, expires at: 1765280152265
[debug] [2025-12-09T10:47:53.231Z] >>> [apiv2][query] GET https://runtimeconfig.googleapis.com/v1beta1/projects/tutordesk-3cafb/configs/google/variables/oauth_client_secret [none]
[debug] [2025-12-09T10:47:53.232Z] >>> [apiv2][query] GET https://runtimeconfig.googleapis.com/v1beta1/projects/tutordesk-3cafb/configs/google/variables/oauth_redirect_uri [none]
[debug] [2025-12-09T10:47:53.235Z] >>> [apiv2][query] GET https://runtimeconfig.googleapis.com/v1beta1/projects/tutordesk-3cafb/configs/google/variables/app_origin [none]
[debug] [2025-12-09T10:47:53.237Z] >>> [apiv2][query] GET https://runtimeconfig.googleapis.com/v1beta1/projects/tutordesk-3cafb/configs/google/variables/oauth_client_id [none]
[debug] [2025-12-09T10:47:53.257Z] <<< [apiv2][status] GET https://runtimeconfig.googleapis.com/v1beta1/projects/tutordesk-3cafb/configs/stripe/variables 200
[debug] [2025-12-09T10:47:53.258Z] <<< [apiv2][body] GET https://runtimeconfig.googleapis.com/v1beta1/projects/tutordesk-3cafb/configs/stripe/variables {"variables":[{"name":"projects/tutordesk-3cafb/configs/stripe/variables/secret_key","updateTime":"2025-12-04T16:03:29.907118012Z"},{"name":"projects/tutordesk-3cafb/configs/stripe/variables/webhook_secret","updateTime":"2025-12-04T16:03:29.900288837Z"}]}
[debug] [2025-12-09T10:47:53.258Z] Checked if tokens are valid: true, expires at: 1765280152265
[debug] [2025-12-09T10:47:53.258Z] Checked if tokens are valid: true, expires at: 1765280152265
[debug] [2025-12-09T10:47:53.258Z] Checked if tokens are valid: true, expires at: 1765280152265
[debug] [2025-12-09T10:47:53.258Z] Checked if tokens are valid: true, expires at: 1765280152265
[debug] [2025-12-09T10:47:53.258Z] >>> [apiv2][query] GET https://runtimeconfig.googleapis.com/v1beta1/projects/tutordesk-3cafb/configs/stripe/variables/secret_key [none]
[debug] [2025-12-09T10:47:53.259Z] >>> [apiv2][query] GET https://runtimeconfig.googleapis.com/v1beta1/projects/tutordesk-3cafb/configs/stripe/variables/webhook_secret [none]
[debug] [2025-12-09T10:47:53.373Z] <<< [apiv2][status] GET https://runtimeconfig.googleapis.com/v1beta1/projects/tutordesk-3cafb/configs/google/variables/oauth_client_secret 200
[debug] [2025-12-09T10:47:53.373Z] <<< [apiv2][body] GET https://runtimeconfig.googleapis.com/v1beta1/projects/tutordesk-3cafb/configs/google/variables/oauth_client_secret {"name":"projects/tutordesk-3cafb/configs/google/variables/oauth_client_secret","updateTime":"2025-12-08T23:08:04.057235286Z","text":"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"}
[debug] [2025-12-09T10:47:53.392Z] <<< [apiv2][status] GET https://runtimeconfig.googleapis.com/v1beta1/projects/tutordesk-3cafb/configs/stripe/variables/secret_key 200
[debug] [2025-12-09T10:47:53.392Z] <<< [apiv2][body] GET https://runtimeconfig.googleapis.com/v1beta1/projects/tutordesk-3cafb/configs/stripe/variables/secret_key {"name":"projects/tutordesk-3cafb/configs/stripe/variables/secret_key","updateTime":"2025-12-04T16:03:29.907118012Z","text":"sk_test51SaNRbFS9Xt4zgJwZoN40s150Jyh2zb2bR0Qx044rNcAVi9Bhntt18njqZU8HhCAAqwveHgoDnd3b6hZjiTmIWbf001J8BDd68"}
[debug] [2025-12-09T10:47:53.445Z] <<< [apiv2][status] GET https://runtimeconfig.googleapis.com/v1beta1/projects/tutordesk-3cafb/configs/google/variables/app_origin 200
[debug] [2025-12-09T10:47:53.445Z] <<< [apiv2][body] GET https://runtimeconfig.googleapis.com/v1beta1/projects/tutordesk-3cafb/configs/google/variables/app_origin {"name":"projects/tutordesk-3cafb/configs/google/variables/app_origin","updateTime":"2025-12-08T23:08:04.107249136Z","text":"https://discovertutor.com"}
[debug] [2025-12-09T10:47:53.445Z] <<< [apiv2][status] GET https://runtimeconfig.googleapis.com/v1beta1/projects/tutordesk-3cafb/configs/google/variables/oauth_client_id 200
[debug] [2025-12-09T10:47:53.445Z] <<< [apiv2][body] GET https://runtimeconfig.googleapis.com/v1beta1/projects/tutordesk-3cafb/configs/google/variables/oauth_client_id {"name":"projects/tutordesk-3cafb/configs/google/variables/oauth_client_id","updateTime":"2025-12-08T23:08:04.076217182Z","text":"356804623998-qlu89gkk2k51ro8if5njptrk0qfqhhpd.apps.googleusercontent.com"}
[debug] [2025-12-09T10:47:53.445Z] <<< [apiv2][status] GET https://runtimeconfig.googleapis.com/v1beta1/projects/tutordesk-3cafb/configs/google/variables/oauth_redirect_uri 200
[debug] [2025-12-09T10:47:53.445Z] <<< [apiv2][body] GET https://runtimeconfig.googleapis.com/v1beta1/projects/tutordesk-3cafb/configs/google/variables/oauth_redirect_uri {"name":"projects/tutordesk-3cafb/configs/google/variables/oauth_redirect_uri","updateTime":"2025-12-08T23:08:04.048628512Z","text":"https://us-central1-tutordesk-3cafb.cloudfunctions.net/googleCalendarCallback"}
[debug] [2025-12-09T10:47:53.446Z] <<< [apiv2][status] GET https://runtimeconfig.googleapis.com/v1beta1/projects/tutordesk-3cafb/configs/stripe/variables/webhook_secret 200
[debug] [2025-12-09T10:47:53.446Z] <<< [apiv2][body] GET https://runtimeconfig.googleapis.com/v1beta1/projects/tutordesk-3cafb/configs/stripe/variables/webhook_secret {"name":"projects/tutordesk-3cafb/configs/stripe/variables/webhook_secret","updateTime":"2025-12-04T16:03:29.900288837Z","text":"whsec_lAbDDtc7f2Gk3FG7b2bSMPV5r0B6M8PX"}
[debug] [2025-12-09T10:47:53.450Z] Validating nodejs source
[debug] [2025-12-09T10:47:54.827Z] > [functions] package.json contents: {
  "name": "tutor-with-amit-functions",
  "version": "1.0.0",
  "description": "Firebase Functions for LinkedIn OAuth integration",
  "type": "module",
  "main": "index.js",
  "engines": {
    "node": "20"
  },
  "scripts": {
    "lint": "eslint .",
    "serve": "firebase emulators:start --only functions",
    "deploy": "firebase deploy --only functions",
    "test": "npm run lint"
  },
  "dependencies": {
    "firebase-admin": "^12.5.0",
    "firebase-functions": "^7.0.1",
    "googleapis": "^140.0.1",
    "stripe": "^20.0.0"
  },
  "devDependencies": {
    "eslint": "^8.57.0"
  }
}
[debug] [2025-12-09T10:47:54.827Z] Building nodejs source
[info] i  functions: Loading and analyzing source code for codebase default to determine what to deploy 
[debug] [2025-12-09T10:47:54.830Z] Could not find functions.yaml. Must use http discovery
[debug] [2025-12-09T10:47:54.842Z] Found firebase-functions binary at 'C:\Users\amits\GitHub\tutor-with-amit\functions\node_modules\.bin\firebase-functions'
[info] Serving at port 8382

[debug] [2025-12-09T10:47:56.847Z] Got response from /__/functions.yaml {"endpoints":{"createCheckoutSession":{"availableMemoryMb":null,"timeoutSeconds":null,"minInstances":null,"maxInstances":null,"ingressSettings":null,"concurrency":null,"serviceAccountEmail":null,"vpc":null,"platform":"gcfv2","labels":{},"httpsTrigger":{},"entryPoint":"createCheckoutSession"},"createConnectAccount":{"availableMemoryMb":null,"timeoutSeconds":null,"minInstances":null,"maxInstances":null,"ingressSettings":null,"concurrency":null,"serviceAccountEmail":null,"vpc":null,"platform":"gcfv2","labels":{},"httpsTrigger":{},"entryPoint":"createConnectAccount"},"createPaymentIntent":{"availableMemoryMb":null,"timeoutSeconds":null,"minInstances":null,"maxInstances":null,"ingressSettings":null,"concurrency":null,"serviceAccountEmail":null,"vpc":null,"platform":"gcfv2","labels":{},"httpsTrigger":{},"entryPoint":"createPaymentIntent"},"getPlaceDetails":{"availableMemoryMb":null,"timeoutSeconds":null,"minInstances":null,"maxInstances":null,"ingressSettings":null,"concurrency":null,"serviceAccountEmail":null,"vpc":null,"platform":"gcfv2","region":["us-central1"],"labels":{},"httpsTrigger":{},"entryPoint":"getPlaceDetails"},"googleCalendarCallback":{"availableMemoryMb":null,"timeoutSeconds":null,"minInstances":null,"maxInstances":null,"ingressSettings":null,"concurrency":null,"serviceAccountEmail":null,"vpc":null,"platform":"gcfv2","region":["us-central1"],"labels":{},"httpsTrigger":{},"entryPoint":"googleCalendarCallback"},"linkedinCallback":{"availableMemoryMb":null,"timeoutSeconds":null,"minInstances":null,"maxInstances":null,"ingressSettings":null,"concurrency":null,"serviceAccountEmail":null,"vpc":null,"platform":"gcfv2","region":["us-central1"],"labels":{},"httpsTrigger":{},"entryPoint":"linkedinCallback"},"startGoogleCalendarAuth":{"availableMemoryMb":null,"timeoutSeconds":null,"minInstances":null,"maxInstances":null,"ingressSettings":null,"concurrency":null,"serviceAccountEmail":null,"vpc":null,"platform":"gcfv2","region":["us-central1"],"labels":{},"httpsTrigger":{},"entryPoint":"startGoogleCalendarAuth"},"startLinkedInAuth":{"availableMemoryMb":null,"timeoutSeconds":null,"minInstances":null,"maxInstances":null,"ingressSettings":null,"concurrency":null,"serviceAccountEmail":null,"vpc":null,"platform":"gcfv2","region":["us-central1"],"labels":{},"httpsTrigger":{},"entryPoint":"startLinkedInAuth"},"stripeWebhook":{"availableMemoryMb":null,"timeoutSeconds":null,"minInstances":null,"maxInstances":2,"ingressSettings":null,"concurrency":null,"serviceAccountEmail":null,"vpc":null,"platform":"gcfv2","labels":{},"httpsTrigger":{},"entryPoint":"stripeWebhook"},"unlinkLinkedIn":{"availableMemoryMb":null,"timeoutSeconds":null,"minInstances":null,"maxInstances":null,"ingressSettings":null,"concurrency":null,"serviceAccountEmail":null,"vpc":null,"platform":"gcfv2","region":["us-central1"],"labels":{},"httpsTrigger":{},"entryPoint":"unlinkLinkedIn"}},"specVersion":"v1alpha1","requiredAPIs":[],"extensions":{},"params":[{"name":"LINKEDIN_CLIENT_ID","type":"string"},{"name":"LINKEDIN_CLIENT_SECRET","type":"string"},{"name":"LINKEDIN_REDIRECT_URI","type":"string"},{"name":"GOOGLE_PLACES_API_KEY","type":"string"},{"name":"APP_ORIGIN","type":"string","default":"*"},{"name":"GOOGLE_OAUTH_CLIENT_ID","type":"string"},{"name":"GOOGLE_OAUTH_CLIENT_SECRET","type":"string"},{"name":"GOOGLE_OAUTH_REDIRECT_URI","type":"string"}]}
[info] i  extensions: ensuring required API firebaseextensions.googleapis.com is enabled... 
[debug] [2025-12-09T10:48:01.899Z] > command requires scopes: ["email","openid","https://www.googleapis.com/auth/cloudplatformprojects.readonly","https://www.googleapis.com/auth/firebase","https://www.googleapis.com/auth/cloud-platform"]
[debug] [2025-12-09T10:48:01.899Z] > authorizing via signed-in user (amitshalev1510@gmail.com)
[debug] [2025-12-09T10:48:01.899Z] [iam] checking project tutordesk-3cafb for permissions ["firebase.projects.get","firebaseextensions.instances.list"]
[debug] [2025-12-09T10:48:01.900Z] Checked if tokens are valid: true, expires at: 1765280152265
[debug] [2025-12-09T10:48:01.900Z] Checked if tokens are valid: true, expires at: 1765280152265
[debug] [2025-12-09T10:48:01.900Z] >>> [apiv2][query] POST https://cloudresourcemanager.googleapis.com/v1/projects/tutordesk-3cafb:testIamPermissions [none]
[debug] [2025-12-09T10:48:01.900Z] >>> [apiv2][(partial)header] POST https://cloudresourcemanager.googleapis.com/v1/projects/tutordesk-3cafb:testIamPermissions x-goog-quota-user=projects/tutordesk-3cafb
[debug] [2025-12-09T10:48:01.900Z] >>> [apiv2][body] POST https://cloudresourcemanager.googleapis.com/v1/projects/tutordesk-3cafb:testIamPermissions {"permissions":["firebase.projects.get","firebaseextensions.instances.list"]}
[debug] [2025-12-09T10:48:02.044Z] <<< [apiv2][status] POST https://cloudresourcemanager.googleapis.com/v1/projects/tutordesk-3cafb:testIamPermissions 200
[debug] [2025-12-09T10:48:02.044Z] <<< [apiv2][body] POST https://cloudresourcemanager.googleapis.com/v1/projects/tutordesk-3cafb:testIamPermissions {"permissions":["firebase.projects.get","firebaseextensions.instances.list"]}
[debug] [2025-12-09T10:48:02.045Z] Checked if tokens are valid: true, expires at: 1765280152265
[debug] [2025-12-09T10:48:02.045Z] Checked if tokens are valid: true, expires at: 1765280152265
[debug] [2025-12-09T10:48:02.048Z] >>> [apiv2][query] GET https://firebaseextensions.googleapis.com/v1beta/projects/tutordesk-3cafb/instances pageSize=100&pageToken=
[debug] [2025-12-09T10:48:02.441Z] <<< [apiv2][status] GET https://firebaseextensions.googleapis.com/v1beta/projects/tutordesk-3cafb/instances 200
[debug] [2025-12-09T10:48:02.441Z] <<< [apiv2][body] GET https://firebaseextensions.googleapis.com/v1beta/projects/tutordesk-3cafb/instances {}
[info] i  functions: Loaded environment variables from .env, .env.tutordesk-3cafb. 
[info] i  functions: preparing functions directory for uploading... 
[info] i  functions: packaged C:\Users\amits\GitHub\tutor-with-amit\functions (57.95 KB) for uploading 
[debug] [2025-12-09T10:48:02.493Z] Checked if tokens are valid: true, expires at: 1765280152265
[debug] [2025-12-09T10:48:02.493Z] Checked if tokens are valid: true, expires at: 1765280152265
[debug] [2025-12-09T10:48:02.493Z] >>> [apiv2][query] GET https://cloudfunctions.googleapis.com/v1/projects/tutordesk-3cafb/locations/-/functions [none]
[debug] [2025-12-09T10:48:03.045Z] <<< [apiv2][status] GET https://cloudfunctions.googleapis.com/v1/projects/tutordesk-3cafb/locations/-/functions 200
[debug] [2025-12-09T10:48:03.045Z] <<< [apiv2][body] GET https://cloudfunctions.googleapis.com/v1/projects/tutordesk-3cafb/locations/-/functions {}
[debug] [2025-12-09T10:48:03.045Z] Checked if tokens are valid: true, expires at: 1765280152265
[debug] [2025-12-09T10:48:03.046Z] Checked if tokens are valid: true, expires at: 1765280152265
[debug] [2025-12-09T10:48:03.046Z] >>> [apiv2][query] GET https://cloudfunctions.googleapis.com/v2/projects/tutordesk-3cafb/locations/-/functions filter=environment%3D%22GEN_2%22
[debug] [2025-12-09T10:48:03.625Z] <<< [apiv2][status] GET https://cloudfunctions.googleapis.com/v2/projects/tutordesk-3cafb/locations/-/functions 200
[debug] [2025-12-09T10:48:03.625Z] <<< [apiv2][body] GET https://cloudfunctions.googleapis.com/v2/projects/tutordesk-3cafb/locations/-/functions {"functions":[{"name":"projects/tutordesk-3cafb/locations/us-central1/functions/googleCalendarCallback","buildConfig":{"build":"projects/356804623998/locations/us-central1/builds/7d20cc2c-02c0-4531-8a0e-b183d659318f","runtime":"nodejs20","entryPoint":"googleCalendarCallback","source":{"storageSource":{"bucket":"gcf-v2-sources-356804623998-us-central1","object":"googleCalendarCallback/function-source.zip","generation":"1765276028301090"}},"environmentVariables":{"GOOGLE_NODE_RUN_SCRIPTS":""},"dockerRepository":"projects/tutordesk-3cafb/locations/us-central1/repositories/gcf-artifacts","sourceProvenance":{"resolvedStorageSource":{"bucket":"gcf-v2-sources-356804623998-us-central1","object":"googleCalendarCallback/function-source.zip","generation":"1765276028301090"}},"dockerRegistry":"ARTIFACT_REGISTRY","serviceAccount":"projects/tutordesk-3cafb/serviceAccounts/356804623998-compute@developer.gserviceaccount.com","automaticUpdatePolicy":{}},"serviceConfig":{"service":"projects/tutordesk-3cafb/locations/us-central1/services/googlecalendarcallback","timeoutSeconds":60,"environmentVariables":{"LINKEDIN_CLIENT_ID":"86gadioicqfteb","LINKEDIN_CLIENT_SECRET":"WPL_AP1.Gqh84ThaL5o2hcie.O6PD/w==","LINKEDIN_REDIRECT_URI":"https://us-central1-tutordesk-3cafb.cloudfunctions.net/linkedinCallback","GOOGLE_PLACES_API_KEY":"AIzaSyDMsxoXqLaCyjo6BNmnse-hU9zJiBo0WI","APP_ORIGIN":"https://discovertutor.com,https://app.tutorwithamit.com,https://www.tutorwithamit.com,http://127.0.0.1:5501","GOOGLE_OAUTH_CLIENT_ID":"356804623998-8npee5vr5r6a58pg5pccdf5t6u8bdo61.apps.googleusercontent.com","GOOGLE_OAUTH_CLIENT_SECRET":"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","GOOGLE_OAUTH_REDIRECT_URI":"https://us-central1-tutordesk-3cafb.cloudfunctions.net/googleCalendarCallback","FIREBASE_CONFIG":"{\"projectId\":\"tutordesk-3cafb\",\"storageBucket\":\"tutordesk-3cafb.firebasestorage.app\"}","GCLOUD_PROJECT":"tutordesk-3cafb","EVENTARC_CLOUD_EVENT_SOURCE":"projects/tutordesk-3cafb/locations/us-central1/services/googleCalendarCallback","FUNCTION_TARGET":"googleCalendarCallback","LOG_EXECUTION_ID":"true","FUNCTION_SIGNATURE_TYPE":"http"},"maxInstanceCount":20,"ingressSettings":"ALLOW_ALL","uri":"https://googlecalendarcallback-5mrcewdg3a-uc.a.run.app","serviceAccountEmail":"356804623998-compute@developer.gserviceaccount.com","availableMemory":"256Mi","allTrafficOnLatestRevision":true,"revision":"googlecalendarcallback-00008-tic","maxInstanceRequestConcurrency":80,"availableCpu":"1"},"state":"ACTIVE","updateTime":"2025-12-09T10:30:44.363071048Z","labels":{"deployment-tool":"cli-firebase","firebase-functions-hash":"6896ef54a491d0512874f482e8c21063fafdd4e8"},"environment":"GEN_2","url":"https://us-central1-tutordesk-3cafb.cloudfunctions.net/googleCalendarCallback","createTime":"2025-12-08T22:05:34.168000002Z","satisfiesPzi":true},{"name":"projects/tutordesk-3cafb/locations/us-central1/functions/linkedinCallback","buildConfig":{"build":"projects/356804623998/locations/us-central1/builds/2536bd24-03c2-4e6b-8299-3c225381c71c","runtime":"nodejs20","entryPoint":"linkedinCallback","source":{"storageSource":{"bucket":"gcf-v2-sources-356804623998-us-central1","object":"linkedinCallback/function-source.zip","generation":"1765276569330164"}},"environmentVariables":{"GOOGLE_NODE_RUN_SCRIPTS":""},"dockerRepository":"projects/tutordesk-3cafb/locations/us-central1/repositories/gcf-artifacts","sourceProvenance":{"resolvedStorageSource":{"bucket":"gcf-v2-sources-356804623998-us-central1","object":"linkedinCallback/function-source.zip","generation":"1765276569330164"}},"dockerRegistry":"ARTIFACT_REGISTRY","serviceAccount":"projects/tutordesk-3cafb/serviceAccounts/356804623998-compute@developer.gserviceaccount.com","automaticUpdatePolicy":{}},"serviceConfig":{"service":"projects/tutordesk-3cafb/locations/us-central1/services/linkedincallback","timeoutSeconds":60,"environmentVariables":{"LINKEDIN_CLIENT_ID":"86gadioicpfteb","LINKEDIN_CLIENT_SECRET":"WPL_AP1.Gqh84ThaL5o2hcie.O6PD/w==","LINKEDIN_REDIRECT_URI":"https://us-central1-tutordesk-3cafb.cloudfunctions.net/linkedinCallback","GOOGLE_PLACES_API_KEY":"AIzaSyDMsxoXqLaCyjo6BNmnse-hU9zJiBo0WI","APP_ORIGIN":"https://discovertutor.com,https://app.tutorwithamit.com,https://www.tutorwithamit.com,http://127.0.0.1:5501","GOOGLE_OAUTH_CLIENT_ID":"356804623998-8npee5vr5r6a58pg5pccdf5t6u8bdo61.apps.googleusercontent.com","GOOGLE_OAUTH_CLIENT_SECRET":"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","GOOGLE_OAUTH_REDIRECT_URI":"https://us-central1-tutordesk-3cafb.cloudfunctions.net/googleCalendarCallback","FIREBASE_CONFIG":"{\"projectId\":\"tutordesk-3cafb\",\"storageBucket\":\"tutordesk-3cafb.firebasestorage.app\"}","GCLOUD_PROJECT":"tutordesk-3cafb","EVENTARC_CLOUD_EVENT_SOURCE":"projects/tutordesk-3cafb/locations/us-central1/services/linkedinCallback","FUNCTION_TARGET":"linkedinCallback","LOG_EXECUTION_ID":"true"},"maxInstanceCount":20,"ingressSettings":"ALLOW_ALL","uri":"https://linkedincallback-5mrcewdg3a-uc.a.run.app","serviceAccountEmail":"356804623998-compute@developer.gserviceaccount.com","availableMemory":"256Mi","allTrafficOnLatestRevision":true,"revision":"linkedincallback-00011-suz","maxInstanceRequestConcurrency":80,"availableCpu":"1"},"state":"ACTIVE","updateTime":"2025-12-09T10:37:26.103067337Z","labels":{"deployment-tool":"cli-firebase","firebase-functions-hash":"20d2042dfa928ef17c973b084694d5c2c4bf6478"},"environment":"GEN_2","url":"https://us-central1-tutordesk-3cafb.cloudfunctions.net/linkedinCallback","createTime":"2025-12-07T22:17:33.783635016Z","satisfiesPzi":true},{"name":"projects/tutordesk-3cafb/locations/us-central1/functions/stripeWebhook","buildConfig":{"build":"projects/356804623998/locations/us-central1/builds/7d20cc2c-02c0-4531-8a0e-b183d659318f","runtime":"nodejs20","entryPoint":"stripeWebhook","source":{"storageSource":{"bucket":"gcf-v2-sources-356804623998-us-central1","object":"stripeWebhook/function-source.zip","generation":"1765276028099671"}},"environmentVariables":{"GOOGLE_NODE_RUN_SCRIPTS":""},"dockerRepository":"projects/tutordesk-3cafb/locations/us-central1/repositories/gcf-artifacts","sourceProvenance":{"resolvedStorageSource":{"bucket":"gcf-v2-sources-356804623998-us-central1","object":"stripeWebhook/function-source.zip","generation":"1765276028099671"}},"dockerRegistry":"ARTIFACT_REGISTRY","serviceAccount":"projects/tutordesk-3cafb/serviceAccounts/356804623998-compute@developer.gserviceaccount.com","automaticUpdatePolicy":{}},"serviceConfig":{"service":"projects/tutordesk-3cafb/locations/us-central1/services/stripewebhook","timeoutSeconds":60,"environmentVariables":{"LINKEDIN_CLIENT_ID":"86gadioicqfteb","LINKEDIN_CLIENT_SECRET":"WPL_AP1.Gqh84ThaL5o2hcie.O6PD/w==","LINKEDIN_REDIRECT_URI":"https://us-central1-tutordesk-3cafb.cloudfunctions.net/linkedinCallback","GOOGLE_PLACES_API_KEY":"AIzaSyDMsxoXqLaCyjo6BNmnse-hU9zJiBo0WI","APP_ORIGIN":"https://discovertutor.com,https://app.tutorwithamit.com,https://www.tutorwithamit.com,http://127.0.0.1:5501","GOOGLE_OAUTH_CLIENT_ID":"356804623998-8npee5vr5r6a58pg5pccdf5t6u8bdo61.apps.googleusercontent.com","GOOGLE_OAUTH_CLIENT_SECRET":"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","GOOGLE_OAUTH_REDIRECT_URI":"https://us-central1-tutordesk-3cafb.cloudfunctions.net/googleCalendarCallback","FIREBASE_CONFIG":"{\"projectId\":\"tutordesk-3cafb\",\"storageBucket\":\"tutordesk-3cafb.firebasestorage.app\"}","GCLOUD_PROJECT":"tutordesk-3cafb","EVENTARC_CLOUD_EVENT_SOURCE":"projects/tutordesk-3cafb/locations/us-central1/services/stripeWebhook","FUNCTION_TARGET":"stripeWebhook","LOG_EXECUTION_ID":"true","FUNCTION_SIGNATURE_TYPE":"http"},"maxInstanceCount":2,"ingressSettings":"ALLOW_ALL","uri":"https://stripewebhook-5mrcewdg3a-uc.a.run.app","serviceAccountEmail":"356804623998-compute@developer.gserviceaccount.com","availableMemory":"256Mi","allTrafficOnLatestRevision":true,"revision":"stripewebhook-00005-pol","maxInstanceRequestConcurrency":80,"availableCpu":"1"},"state":"ACTIVE","updateTime":"2025-12-09T10:28:22.217490108Z","labels":{"firebase-functions-hash":"6896ef54a491d0512874f482e8c21063fafdd4e8","deployment-tool":"cli-firebase"},"environment":"GEN_2","url":"https://us-central1-tutordesk-3cafb.cloudfunctions.net/stripeWebhook","createTime":"2025-12-08T22:05:34.226674361Z","satisfiesPzi":true},{"name":"projects/tutordesk-3cafb/locations/us-central1/functions/createConnectAccount","buildConfig":{"build":"projects/356804623998/locations/us-central1/builds/7d20cc2c-02c0-4531-8a0e-b183d659318f","runtime":"nodejs20","entryPoint":"createConnectAccount","source":{"storageSource":{"bucket":"gcf-v2-sources-356804623998-us-central1","object":"createConnectAccount/function-source.zip","generation":"1765276028161868"}},"environmentVariables":{"GOOGLE_NODE_RUN_SCRIPTS":""},"dockerRepository":"projects/tutordesk-3cafb/locations/us-central1/repositories/gcf-artifacts","sourceProvenance":{"resolvedStorageSource":{"bucket":"gcf-v2-sources-356804623998-us-central1","object":"createConnectAccount/function-source.zip","generation":"1765276028161868"}},"dockerRegistry":"ARTIFACT_REGISTRY","serviceAccount":"projects/tutordesk-3cafb/serviceAccounts/356804623998-compute@developer.gserviceaccount.com","automaticUpdatePolicy":{}},"serviceConfig":{"service":"projects/tutordesk-3cafb/locations/us-central1/services/createconnectaccount","timeoutSeconds":60,"environmentVariables":{"LINKEDIN_CLIENT_ID":"86gadioicqfteb","LINKEDIN_CLIENT_SECRET":"WPL_AP1.Gqh84ThaL5o2hcie.O6PD/w==","LINKEDIN_REDIRECT_URI":"https://us-central1-tutordesk-3cafb.cloudfunctions.net/linkedinCallback","GOOGLE_PLACES_API_KEY":"AIzaSyDMsxoXqLaCyjo6BNmnse-hU9zJiBo0WI","APP_ORIGIN":"https://discovertutor.com,https://app.tutorwithamit.com,https://www.tutorwithamit.com,http://127.0.0.1:5501","GOOGLE_OAUTH_CLIENT_ID":"356804623998-8npee5vr5r6a58pg5pccdf5t6u8bdo61.apps.googleusercontent.com","GOOGLE_OAUTH_CLIENT_SECRET":"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","GOOGLE_OAUTH_REDIRECT_URI":"https://us-central1-tutordesk-3cafb.cloudfunctions.net/googleCalendarCallback","FIREBASE_CONFIG":"{\"projectId\":\"tutordesk-3cafb\",\"storageBucket\":\"tutordesk-3cafb.firebasestorage.app\"}","GCLOUD_PROJECT":"tutordesk-3cafb","EVENTARC_CLOUD_EVENT_SOURCE":"projects/tutordesk-3cafb/locations/us-central1/services/createConnectAccount","FUNCTION_TARGET":"createConnectAccount","LOG_EXECUTION_ID":"true","FUNCTION_SIGNATURE_TYPE":"http"},"maxInstanceCount":20,"ingressSettings":"ALLOW_ALL","uri":"https://createconnectaccount-5mrcewdg3a-uc.a.run.app","serviceAccountEmail":"356804623998-compute@developer.gserviceaccount.com","availableMemory":"256Mi","allTrafficOnLatestRevision":true,"revision":"createconnectaccount-00005-mez","maxInstanceRequestConcurrency":80,"availableCpu":"1"},"state":"ACTIVE","updateTime":"2025-12-09T10:28:42.964263858Z","labels":{"deployment-tool":"cli-firebase","firebase-functions-hash":"6896ef54a491d0512874f482e8c21063fafdd4e8"},"environment":"GEN_2","url":"https://us-central1-tutordesk-3cafb.cloudfunctions.net/createConnectAccount","createTime":"2025-12-08T22:05:34.070850771Z","satisfiesPzi":true},{"name":"projects/tutordesk-3cafb/locations/us-central1/functions/startGoogleCalendarAuth","buildConfig":{"build":"projects/356804623998/locations/us-central1/builds/7d20cc2c-02c0-4531-8a0e-b183d659318f","runtime":"nodejs20","entryPoint":"startGoogleCalendarAuth","source":{"storageSource":{"bucket":"gcf-v2-sources-356804623998-us-central1","object":"startGoogleCalendarAuth/function-source.zip","generation":"1765276028323809"}},"environmentVariables":{"GOOGLE_NODE_RUN_SCRIPTS":""},"dockerRepository":"projects/tutordesk-3cafb/locations/us-central1/repositories/gcf-artifacts","sourceProvenance":{"resolvedStorageSource":{"bucket":"gcf-v2-sources-356804623998-us-central1","object":"startGoogleCalendarAuth/function-source.zip","generation":"1765276028323809"}},"dockerRegistry":"ARTIFACT_REGISTRY","serviceAccount":"projects/tutordesk-3cafb/serviceAccounts/356804623998-compute@developer.gserviceaccount.com","automaticUpdatePolicy":{}},"serviceConfig":{"service":"projects/tutordesk-3cafb/locations/us-central1/services/startgooglecalendarauth","timeoutSeconds":60,"environmentVariables":{"LINKEDIN_CLIENT_ID":"86gadioicqfteb","LINKEDIN_CLIENT_SECRET":"WPL_AP1.Gqh84ThaL5o2hcie.O6PD/w==","LINKEDIN_REDIRECT_URI":"https://us-central1-tutordesk-3cafb.cloudfunctions.net/linkedinCallback","GOOGLE_PLACES_API_KEY":"AIzaSyDMsxoXqLaCyjo6BNmnse-hU9zJiBo0WI","APP_ORIGIN":"https://discovertutor.com,https://app.tutorwithamit.com,https://www.tutorwithamit.com,http://127.0.0.1:5501","GOOGLE_OAUTH_CLIENT_ID":"356804623998-8npee5vr5r6a58pg5pccdf5t6u8bdo61.apps.googleusercontent.com","GOOGLE_OAUTH_CLIENT_SECRET":"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","GOOGLE_OAUTH_REDIRECT_URI":"https://us-central1-tutordesk-3cafb.cloudfunctions.net/googleCalendarCallback","FIREBASE_CONFIG":"{\"projectId\":\"tutordesk-3cafb\",\"storageBucket\":\"tutordesk-3cafb.firebasestorage.app\"}","GCLOUD_PROJECT":"tutordesk-3cafb","EVENTARC_CLOUD_EVENT_SOURCE":"projects/tutordesk-3cafb/locations/us-central1/services/startGoogleCalendarAuth","FUNCTION_TARGET":"startGoogleCalendarAuth","LOG_EXECUTION_ID":"true","FUNCTION_SIGNATURE_TYPE":"http"},"maxInstanceCount":20,"ingressSettings":"ALLOW_ALL","uri":"https://startgooglecalendarauth-5mrcewdg3a-uc.a.run.app","serviceAccountEmail":"356804623998-compute@developer.gserviceaccount.com","availableMemory":"256Mi","allTrafficOnLatestRevision":true,"revision":"startgooglecalendarauth-00008-nex","maxInstanceRequestConcurrency":80,"availableCpu":"1"},"state":"ACTIVE","updateTime":"2025-12-09T10:27:40.275839405Z","labels":{"deployment-tool":"cli-firebase","firebase-functions-hash":"6896ef54a491d0512874f482e8c21063fafdd4e8"},"environment":"GEN_2","url":"https://us-central1-tutordesk-3cafb.cloudfunctions.net/startGoogleCalendarAuth","createTime":"2025-12-08T22:05:34.266203682Z","satisfiesPzi":true},{"name":"projects/tutordesk-3cafb/locations/us-central1/functions/unlinkLinkedIn","buildConfig":{"build":"projects/356804623998/locations/us-central1/builds/7d20cc2c-02c0-4531-8a0e-b183d659318f","runtime":"nodejs20","entryPoint":"unlinkLinkedIn","source":{"storageSource":{"bucket":"gcf-v2-sources-356804623998-us-central1","object":"unlinkLinkedIn/function-source.zip","generation":"1765276028261575"}},"environmentVariables":{"GOOGLE_NODE_RUN_SCRIPTS":""},"dockerRepository":"projects/tutordesk-3cafb/locations/us-central1/repositories/gcf-artifacts","sourceProvenance":{"resolvedStorageSource":{"bucket":"gcf-v2-sources-356804623998-us-central1","object":"unlinkLinkedIn/function-source.zip","generation":"1765276028261575"}},"dockerRegistry":"ARTIFACT_REGISTRY","serviceAccount":"projects/tutordesk-3cafb/serviceAccounts/356804623998-compute@developer.gserviceaccount.com","automaticUpdatePolicy":{}},"serviceConfig":{"service":"projects/tutordesk-3cafb/locations/us-central1/services/unlinklinkedin","timeoutSeconds":60,"environmentVariables":{"LINKEDIN_CLIENT_ID":"86gadioicqfteb","LINKEDIN_CLIENT_SECRET":"WPL_AP1.Gqh84ThaL5o2hcie.O6PD/w==","LINKEDIN_REDIRECT_URI":"https://us-central1-tutordesk-3cafb.cloudfunctions.net/linkedinCallback","GOOGLE_PLACES_API_KEY":"AIzaSyDMsxoXqLaCyjo6BNmnse-hU9zJiBo0WI","APP_ORIGIN":"https://discovertutor.com,https://app.tutorwithamit.com,https://www.tutorwithamit.com,http://127.0.0.1:5501","GOOGLE_OAUTH_CLIENT_ID":"356804623998-8npee5vr5r6a58pg5pccdf5t6u8bdo61.apps.googleusercontent.com","GOOGLE_OAUTH_CLIENT_SECRET":"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","GOOGLE_OAUTH_REDIRECT_URI":"https://us-central1-tutordesk-3cafb.cloudfunctions.net/googleCalendarCallback","FIREBASE_CONFIG":"{\"projectId\":\"tutordesk-3cafb\",\"storageBucket\":\"tutordesk-3cafb.firebasestorage.app\"}","GCLOUD_PROJECT":"tutordesk-3cafb","EVENTARC_CLOUD_EVENT_SOURCE":"projects/tutordesk-3cafb/locations/us-central1/services/unlinkLinkedIn","FUNCTION_TARGET":"unlinkLinkedIn","LOG_EXECUTION_ID":"true","FUNCTION_SIGNATURE_TYPE":"http"},"maxInstanceCount":20,"ingressSettings":"ALLOW_ALL","uri":"https://unlinklinkedin-5mrcewdg3a-uc.a.run.app","serviceAccountEmail":"356804623998-compute@developer.gserviceaccount.com","availableMemory":"256Mi","allTrafficOnLatestRevision":true,"revision":"unlinklinkedin-00008-bop","maxInstanceRequestConcurrency":80,"availableCpu":"1"},"state":"ACTIVE","updateTime":"2025-12-09T10:27:35.309960198Z","labels":{"deployment-tool":"cli-firebase","firebase-functions-hash":"6896ef54a491d0512874f482e8c21063fafdd4e8"},"environment":"GEN_2","url":"https://us-central1-tutordesk-3cafb.cloudfunctions.net/unlinkLinkedIn","createTime":"2025-12-07T22:19:04.785055121Z","satisfiesPzi":true},{"name":"projects/tutordesk-3cafb/locations/us-central1/functions/getPlaceDetails","buildConfig":{"build":"projects/356804623998/locations/us-central1/builds/7d20cc2c-02c0-4531-8a0e-b183d659318f","runtime":"nodejs20","entryPoint":"getPlaceDetails","source":{"storageSource":{"bucket":"gcf-v2-sources-356804623998-us-central1","object":"getPlaceDetails/function-source.zip","generation":"1765276028274367"}},"environmentVariables":{"GOOGLE_NODE_RUN_SCRIPTS":""},"dockerRepository":"projects/tutordesk-3cafb/locations/us-central1/repositories/gcf-artifacts","sourceProvenance":{"resolvedStorageSource":{"bucket":"gcf-v2-sources-356804623998-us-central1","object":"getPlaceDetails/function-source.zip","generation":"1765276028274367"}},"dockerRegistry":"ARTIFACT_REGISTRY","serviceAccount":"projects/tutordesk-3cafb/serviceAccounts/356804623998-compute@developer.gserviceaccount.com","automaticUpdatePolicy":{}},"serviceConfig":{"service":"projects/tutordesk-3cafb/locations/us-central1/services/getplacedetails","timeoutSeconds":60,"environmentVariables":{"LINKEDIN_CLIENT_ID":"86gadioicqfteb","LINKEDIN_CLIENT_SECRET":"WPL_AP1.Gqh84ThaL5o2hcie.O6PD/w==","LINKEDIN_REDIRECT_URI":"https://us-central1-tutordesk-3cafb.cloudfunctions.net/linkedinCallback","GOOGLE_PLACES_API_KEY":"AIzaSyDMsxoXqLaCyjo6BNmnse-hU9zJiBo0WI","APP_ORIGIN":"https://discovertutor.com,https://app.tutorwithamit.com,https://www.tutorwithamit.com,http://127.0.0.1:5501","GOOGLE_OAUTH_CLIENT_ID":"356804623998-8npee5vr5r6a58pg5pccdf5t6u8bdo61.apps.googleusercontent.com","GOOGLE_OAUTH_CLIENT_SECRET":"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","GOOGLE_OAUTH_REDIRECT_URI":"https://us-central1-tutordesk-3cafb.cloudfunctions.net/googleCalendarCallback","FIREBASE_CONFIG":"{\"projectId\":\"tutordesk-3cafb\",\"storageBucket\":\"tutordesk-3cafb.firebasestorage.app\"}","GCLOUD_PROJECT":"tutordesk-3cafb","EVENTARC_CLOUD_EVENT_SOURCE":"projects/tutordesk-3cafb/locations/us-central1/services/getPlaceDetails","FUNCTION_TARGET":"getPlaceDetails","LOG_EXECUTION_ID":"true","FUNCTION_SIGNATURE_TYPE":"http"},"maxInstanceCount":20,"ingressSettings":"ALLOW_ALL","uri":"https://getplacedetails-5mrcewdg3a-uc.a.run.app","serviceAccountEmail":"356804623998-compute@developer.gserviceaccount.com","availableMemory":"256Mi","allTrafficOnLatestRevision":true,"revision":"getplacedetails-00005-dal","maxInstanceRequestConcurrency":80,"availableCpu":"1"},"state":"ACTIVE","updateTime":"2025-12-09T10:27:45.262658188Z","labels":{"deployment-tool":"cli-firebase","firebase-functions-hash":"6896ef54a491d0512874f482e8c21063fafdd4e8"},"environment":"GEN_2","url":"https://us-central1-tutordesk-3cafb.cloudfunctions.net/getPlaceDetails","createTime":"2025-12-08T22:05:34.292446839Z","satisfiesPzi":true},{"name":"projects/tutordesk-3cafb/locations/us-central1/functions/createPaymentIntent","buildConfig":{"build":"projects/356804623998/locations/us-central1/builds/7d20cc2c-02c0-4531-8a0e-b183d659318f","runtime":"nodejs20","entryPoint":"createPaymentIntent","source":{"storageSource":{"bucket":"gcf-v2-sources-356804623998-us-central1","object":"createPaymentIntent/function-source.zip","generation":"1765276028253296"}},"environmentVariables":{"GOOGLE_NODE_RUN_SCRIPTS":""},"dockerRepository":"projects/tutordesk-3cafb/locations/us-central1/repositories/gcf-artifacts","sourceProvenance":{"resolvedStorageSource":{"bucket":"gcf-v2-sources-356804623998-us-central1","object":"createPaymentIntent/function-source.zip","generation":"1765276028253296"}},"dockerRegistry":"ARTIFACT_REGISTRY","serviceAccount":"projects/tutordesk-3cafb/serviceAccounts/356804623998-compute@developer.gserviceaccount.com","automaticUpdatePolicy":{}},"serviceConfig":{"service":"projects/tutordesk-3cafb/locations/us-central1/services/createpaymentintent","timeoutSeconds":60,"environmentVariables":{"LINKEDIN_CLIENT_ID":"86gadioicqfteb","LINKEDIN_CLIENT_SECRET":"WPL_AP1.Gqh84ThaL5o2hcie.O6PD/w==","LINKEDIN_REDIRECT_URI":"https://us-central1-tutordesk-3cafb.cloudfunctions.net/linkedinCallback","GOOGLE_PLACES_API_KEY":"AIzaSyDMsxoXqLaCyjo6BNmnse-hU9zJiBo0WI","APP_ORIGIN":"https://discovertutor.com,https://app.tutorwithamit.com,https://www.tutorwithamit.com,http://127.0.0.1:5501","GOOGLE_OAUTH_CLIENT_ID":"356804623998-8npee5vr5r6a58pg5pccdf5t6u8bdo61.apps.googleusercontent.com","GOOGLE_OAUTH_CLIENT_SECRET":"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","GOOGLE_OAUTH_REDIRECT_URI":"https://us-central1-tutordesk-3cafb.cloudfunctions.net/googleCalendarCallback","FIREBASE_CONFIG":"{\"projectId\":\"tutordesk-3cafb\",\"storageBucket\":\"tutordesk-3cafb.firebasestorage.app\"}","GCLOUD_PROJECT":"tutordesk-3cafb","EVENTARC_CLOUD_EVENT_SOURCE":"projects/tutordesk-3cafb/locations/us-central1/services/createPaymentIntent","FUNCTION_TARGET":"createPaymentIntent","LOG_EXECUTION_ID":"true","FUNCTION_SIGNATURE_TYPE":"http"},"maxInstanceCount":20,"ingressSettings":"ALLOW_ALL","uri":"https://createpaymentintent-5mrcewdg3a-uc.a.run.app","serviceAccountEmail":"356804623998-compute@developer.gserviceaccount.com","availableMemory":"256Mi","allTrafficOnLatestRevision":true,"revision":"createpaymentintent-00005-sux","maxInstanceRequestConcurrency":80,"availableCpu":"1"},"state":"ACTIVE","updateTime":"2025-12-09T10:29:12.685994682Z","labels":{"deployment-tool":"cli-firebase","firebase-functions-hash":"6896ef54a491d0512874f482e8c21063fafdd4e8"},"environment":"GEN_2","url":"https://us-central1-tutordesk-3cafb.cloudfunctions.net/createPaymentIntent","createTime":"2025-12-08T22:05:34.270145355Z","satisfiesPzi":true},{"name":"projects/tutordesk-3cafb/locations/us-central1/functions/createCheckoutSession","buildConfig":{"build":"projects/356804623998/locations/us-central1/builds/7d20cc2c-02c0-4531-8a0e-b183d659318f","runtime":"nodejs20","entryPoint":"createCheckoutSession","source":{"storageSource":{"bucket":"gcf-v2-sources-356804623998-us-central1","object":"createCheckoutSession/function-source.zip","generation":"1765275958571692"}},"environmentVariables":{"GOOGLE_NODE_RUN_SCRIPTS":""},"dockerRepository":"projects/tutordesk-3cafb/locations/us-central1/repositories/gcf-artifacts","sourceProvenance":{"resolvedStorageSource":{"bucket":"gcf-v2-sources-356804623998-us-central1","object":"createCheckoutSession/function-source.zip","generation":"1765275958571692"}},"dockerRegistry":"ARTIFACT_REGISTRY","serviceAccount":"projects/tutordesk-3cafb/serviceAccounts/356804623998-compute@developer.gserviceaccount.com","automaticUpdatePolicy":{}},"serviceConfig":{"service":"projects/tutordesk-3cafb/locations/us-central1/services/createcheckoutsession","timeoutSeconds":60,"environmentVariables":{"LINKEDIN_CLIENT_ID":"86gadioicqfteb","LINKEDIN_CLIENT_SECRET":"WPL_AP1.Gqh84ThaL5o2hcie.O6PD/w==","LINKEDIN_REDIRECT_URI":"https://us-central1-tutordesk-3cafb.cloudfunctions.net/linkedinCallback","GOOGLE_PLACES_API_KEY":"AIzaSyDMsxoXqLaCyjo6BNmnse-hU9zJiBo0WI","APP_ORIGIN":"https://discovertutor.com,https://app.tutorwithamit.com,https://www.tutorwithamit.com,http://127.0.0.1:5501","GOOGLE_OAUTH_CLIENT_ID":"356804623998-8npee5vr5r6a58pg5pccdf5t6u8bdo61.apps.googleusercontent.com","GOOGLE_OAUTH_CLIENT_SECRET":"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","GOOGLE_OAUTH_REDIRECT_URI":"https://us-central1-tutordesk-3cafb.cloudfunctions.net/googleCalendarCallback","FIREBASE_CONFIG":"{\"projectId\":\"tutordesk-3cafb\",\"storageBucket\":\"tutordesk-3cafb.firebasestorage.app\"}","GCLOUD_PROJECT":"tutordesk-3cafb","EVENTARC_CLOUD_EVENT_SOURCE":"projects/tutordesk-3cafb/locations/us-central1/services/createCheckoutSession","FUNCTION_TARGET":"createCheckoutSession","LOG_EXECUTION_ID":"true"},"maxInstanceCount":20,"ingressSettings":"ALLOW_ALL","uri":"https://createcheckoutsession-5mrcewdg3a-uc.a.run.app","serviceAccountEmail":"356804623998-compute@developer.gserviceaccount.com","availableMemory":"256Mi","allTrafficOnLatestRevision":true,"revision":"createcheckoutsession-00005-gol","maxInstanceRequestConcurrency":80,"availableCpu":"1"},"state":"ACTIVE","updateTime":"2025-12-09T10:27:53.969123186Z","labels":{"deployment-tool":"cli-firebase","firebase-functions-hash":"6896ef54a491d0512874f482e8c21063fafdd4e8"},"environment":"GEN_2","url":"https://us-central1-tutordesk-3cafb.cloudfunctions.net/createCheckoutSession","createTime":"2025-12-08T22:04:14.733605544Z","satisfiesPzi":true},{"name":"projects/tutordesk-3cafb/locations/us-central1/functions/startLinkedInAuth","buildConfig":{"build":"projects/356804623998/locations/us-central1/builds/2536bd24-03c2-4e6b-8299-3c225381c71c","runtime":"nodejs20","entryPoint":"startLinkedInAuth","source":{"storageSource":{"bucket":"gcf-v2-sources-356804623998-us-central1","object":"startLinkedInAuth/function-source.zip","generation":"1765276629022220"}},"environmentVariables":{"GOOGLE_NODE_RUN_SCRIPTS":""},"dockerRepository":"projects/tutordesk-3cafb/locations/us-central1/repositories/gcf-artifacts","sourceProvenance":{"resolvedStorageSource":{"bucket":"gcf-v2-sources-356804623998-us-central1","object":"startLinkedInAuth/function-source.zip","generation":"1765276629022220"}},"dockerRegistry":"ARTIFACT_REGISTRY","serviceAccount":"projects/tutordesk-3cafb/serviceAccounts/356804623998-compute@developer.gserviceaccount.com","automaticUpdatePolicy":{}},"serviceConfig":{"service":"projects/tutordesk-3cafb/locations/us-central1/services/startlinkedinauth","timeoutSeconds":60,"environmentVariables":{"LINKEDIN_CLIENT_ID":"86gadioicpfteb","LINKEDIN_CLIENT_SECRET":"WPL_AP1.Gqh84ThaL5o2hcie.O6PD/w==","LINKEDIN_REDIRECT_URI":"https://us-central1-tutordesk-3cafb.cloudfunctions.net/linkedinCallback","GOOGLE_PLACES_API_KEY":"AIzaSyDMsxoXqLaCyjo6BNmnse-hU9zJiBo0WI","APP_ORIGIN":"https://discovertutor.com,https://app.tutorwithamit.com,https://www.tutorwithamit.com,http://127.0.0.1:5501","GOOGLE_OAUTH_CLIENT_ID":"356804623998-8npee5vr5r6a58pg5pccdf5t6u8bdo61.apps.googleusercontent.com","GOOGLE_OAUTH_CLIENT_SECRET":"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","GOOGLE_OAUTH_REDIRECT_URI":"https://us-central1-tutordesk-3cafb.cloudfunctions.net/googleCalendarCallback","FIREBASE_CONFIG":"{\"projectId\":\"tutordesk-3cafb\",\"storageBucket\":\"tutordesk-3cafb.firebasestorage.app\"}","GCLOUD_PROJECT":"tutordesk-3cafb","EVENTARC_CLOUD_EVENT_SOURCE":"projects/tutordesk-3cafb/locations/us-central1/services/startLinkedInAuth","FUNCTION_TARGET":"startLinkedInAuth","LOG_EXECUTION_ID":"true","FUNCTION_SIGNATURE_TYPE":"http"},"maxInstanceCount":20,"ingressSettings":"ALLOW_ALL","uri":"https://startlinkedinauth-5mrcewdg3a-uc.a.run.app","serviceAccountEmail":"356804623998-compute@developer.gserviceaccount.com","availableMemory":"256Mi","allTrafficOnLatestRevision":true,"revision":"startlinkedinauth-00010-sid","maxInstanceRequestConcurrency":80,"availableCpu":"1"},"state":"ACTIVE","updateTime":"2025-12-09T10:37:33.262576488Z","labels":{"deployment-tool":"cli-firebase","firebase-functions-hash":"20d2042dfa928ef17c973b084694d5c2c4bf6478"},"environment":"GEN_2","url":"https://us-central1-tutordesk-3cafb.cloudfunctions.net/startLinkedInAuth","createTime":"2025-12-07T22:19:04.693719451Z","satisfiesPzi":true}]}
[info] i  functions: ensuring required API run.googleapis.com is enabled... 
[info] i  functions: ensuring required API eventarc.googleapis.com is enabled... 
[info] i  functions: ensuring required API pubsub.googleapis.com is enabled... 
[info] i  functions: ensuring required API storage.googleapis.com is enabled... 
[info] i  functions: generating the service identity for pubsub.googleapis.com... 
[debug] [2025-12-09T10:48:03.629Z] Checked if tokens are valid: true, expires at: 1765280152265
[debug] [2025-12-09T10:48:03.629Z] Checked if tokens are valid: true, expires at: 1765280152265
[info] i  functions: generating the service identity for eventarc.googleapis.com... 
[debug] [2025-12-09T10:48:03.630Z] Checked if tokens are valid: true, expires at: 1765280152265
[debug] [2025-12-09T10:48:03.630Z] Checked if tokens are valid: true, expires at: 1765280152265
[debug] [2025-12-09T10:48:03.630Z] >>> [apiv2][query] POST https://serviceusage.googleapis.com/v1beta1/projects/356804623998/services/pubsub.googleapis.com:generateServiceIdentity [none]
[debug] [2025-12-09T10:48:03.630Z] >>> [apiv2][(partial)header] POST https://serviceusage.googleapis.com/v1beta1/projects/356804623998/services/pubsub.googleapis.com:generateServiceIdentity x-goog-quota-user=projects/356804623998
[debug] [2025-12-09T10:48:03.630Z] >>> [apiv2][body] POST https://serviceusage.googleapis.com/v1beta1/projects/356804623998/services/pubsub.googleapis.com:generateServiceIdentity {}
[debug] [2025-12-09T10:48:03.631Z] >>> [apiv2][query] POST https://serviceusage.googleapis.com/v1beta1/projects/356804623998/services/eventarc.googleapis.com:generateServiceIdentity [none]
[debug] [2025-12-09T10:48:03.631Z] >>> [apiv2][(partial)header] POST https://serviceusage.googleapis.com/v1beta1/projects/356804623998/services/eventarc.googleapis.com:generateServiceIdentity x-goog-quota-user=projects/356804623998
[debug] [2025-12-09T10:48:03.631Z] >>> [apiv2][body] POST https://serviceusage.googleapis.com/v1beta1/projects/356804623998/services/eventarc.googleapis.com:generateServiceIdentity {}
[debug] [2025-12-09T10:48:04.202Z] <<< [apiv2][status] POST https://serviceusage.googleapis.com/v1beta1/projects/356804623998/services/eventarc.googleapis.com:generateServiceIdentity 200
[debug] [2025-12-09T10:48:04.202Z] <<< [apiv2][body] POST https://serviceusage.googleapis.com/v1beta1/projects/356804623998/services/eventarc.googleapis.com:generateServiceIdentity {"name":"operations/finished.DONE_OPERATION","done":true,"response":{"@type":"type.googleapis.com/google.api.serviceusage.v1beta1.ServiceIdentity","email":"service-356804623998@gcp-sa-eventarc.iam.gserviceaccount.com","uniqueId":"114068534963837609070"}}
[debug] [2025-12-09T10:48:04.221Z] <<< [apiv2][status] POST https://serviceusage.googleapis.com/v1beta1/projects/356804623998/services/pubsub.googleapis.com:generateServiceIdentity 200
[debug] [2025-12-09T10:48:04.221Z] <<< [apiv2][body] POST https://serviceusage.googleapis.com/v1beta1/projects/356804623998/services/pubsub.googleapis.com:generateServiceIdentity {"name":"operations/finished.DONE_OPERATION","done":true,"response":{"@type":"type.googleapis.com/google.api.serviceusage.v1beta1.ServiceIdentity","email":"service-356804623998@gcp-sa-pubsub.iam.gserviceaccount.com","uniqueId":"111835863894497100607"}}
[debug] [2025-12-09T10:48:04.223Z] Checked if tokens are valid: true, expires at: 1765280152265
[debug] [2025-12-09T10:48:04.223Z] Checked if tokens are valid: true, expires at: 1765280152265
[debug] [2025-12-09T10:48:04.223Z] >>> [apiv2][query] GET https://cloudresourcemanager.googleapis.com/v1/projects/tutordesk-3cafb [none]
[debug] [2025-12-09T10:48:04.349Z] <<< [apiv2][status] GET https://cloudresourcemanager.googleapis.com/v1/projects/tutordesk-3cafb 200
[debug] [2025-12-09T10:48:04.349Z] <<< [apiv2][body] GET https://cloudresourcemanager.googleapis.com/v1/projects/tutordesk-3cafb {"projectNumber":"356804623998","projectId":"tutordesk-3cafb","lifecycleState":"ACTIVE","name":"tutorDesk","labels":{"firebase":"enabled","firebase-core":"disabled"},"createTime":"2025-11-20T11:59:48.232709Z"}
[debug] [2025-12-09T10:48:04.350Z] Checked if tokens are valid: true, expires at: 1765280152265
[debug] [2025-12-09T10:48:04.350Z] Checked if tokens are valid: true, expires at: 1765280152265
[debug] [2025-12-09T10:48:04.350Z] >>> [apiv2][query] GET https://compute.googleapis.com/compute/v1/projects/356804623998 [none]
[debug] [2025-12-09T10:48:04.592Z] <<< [apiv2][status] GET https://compute.googleapis.com/compute/v1/projects/356804623998 403
[debug] [2025-12-09T10:48:04.592Z] <<< [apiv2][body] GET https://compute.googleapis.com/compute/v1/projects/356804623998 {"error":{"code":403,"message":"Compute Engine API has not been used in project 356804623998 before or it is disabled. Enable it by visiting https://console.developers.google.com/apis/api/compute.googleapis.com/overview?project=356804623998 then retry. If you enabled this API recently, wait a few minutes for the action to propagate to our systems and retry.","errors":[{"message":"Compute Engine API has not been used in project 356804623998 before or it is disabled. Enable it by visiting https://console.developers.google.com/apis/api/compute.googleapis.com/overview?project=356804623998 then retry. If you enabled this API recently, wait a few minutes for the action to propagate to our systems and retry.","domain":"usageLimits","reason":"accessNotConfigured","extendedHelp":"https://console.developers.google.com"}],"status":"PERMISSION_DENIED","details":[{"@type":"type.googleapis.com/google.rpc.ErrorInfo","reason":"SERVICE_DISABLED","domain":"googleapis.com","metadata":{"consumer":"projects/356804623998","containerInfo":"356804623998","activationUrl":"https://console.developers.google.com/apis/api/compute.googleapis.com/overview?project=356804623998","serviceTitle":"Compute Engine API","service":"compute.googleapis.com"}},{"@type":"type.googleapis.com/google.rpc.LocalizedMessage","locale":"en-US","message":"Compute Engine API has not been used in project 356804623998 before or it is disabled. Enable it by visiting https://console.developers.google.com/apis/api/compute.googleapis.com/overview?project=356804623998 then retry. If you enabled this API recently, wait a few minutes for the action to propagate to our systems and retry."},{"@type":"type.googleapis.com/google.rpc.Help","links":[{"description":"Google developers console API activation","url":"https://console.developers.google.com/apis/api/compute.googleapis.com/overview?project=356804623998"}]}]}}
[debug] [2025-12-09T10:48:04.593Z] unable to look up default compute service account. Falling back to 356804623998-compute@developer.gserviceaccount.com. Error: {"name":"FirebaseError","children":[],"context":{"body":{"error":{"code":403,"message":"Compute Engine API has not been used in project 356804623998 before or it is disabled. Enable it by visiting https://console.developers.google.com/apis/api/compute.googleapis.com/overview?project=356804623998 then retry. If you enabled this API recently, wait a few minutes for the action to propagate to our systems and retry.","errors":[{"message":"Compute Engine API has not been used in project 356804623998 before or it is disabled. Enable it by visiting https://console.developers.google.com/apis/api/compute.googleapis.com/overview?project=356804623998 then retry. If you enabled this API recently, wait a few minutes for the action to propagate to our systems and retry.","domain":"usageLimits","reason":"accessNotConfigured","extendedHelp":"https://console.developers.google.com"}],"status":"PERMISSION_DENIED","details":[{"@type":"type.googleapis.com/google.rpc.ErrorInfo","reason":"SERVICE_DISABLED","domain":"googleapis.com","metadata":{"consumer":"projects/356804623998","containerInfo":"356804623998","activationUrl":"https://console.developers.google.com/apis/api/compute.googleapis.com/overview?project=356804623998","serviceTitle":"Compute Engine API","service":"compute.googleapis.com"}},{"@type":"type.googleapis.com/google.rpc.LocalizedMessage","locale":"en-US","message":"Compute Engine API has not been used in project 356804623998 before or it is disabled. Enable it by visiting https://console.developers.google.com/apis/api/compute.googleapis.com/overview?project=356804623998 then retry. If you enabled this API recently, wait a few minutes for the action to propagate to our systems and retry."},{"@type":"type.googleapis.com/google.rpc.Help","links":[{"description":"Google developers console API activation","url":"https://console.developers.google.com/apis/api/compute.googleapis.com/overview?project=356804623998"}]}]}},"response":{"statusCode":403}},"exit":1,"message":"Request to https://compute.googleapis.com/compute/v1/projects/356804623998 had HTTP Error: 403, Compute Engine API has not been used in project 356804623998 before or it is disabled. Enable it by visiting https://console.developers.google.com/apis/api/compute.googleapis.com/overview?project=356804623998 then retry. If you enabled this API recently, wait a few minutes for the action to propagate to our systems and retry.","status":403}
[debug] [2025-12-09T10:48:04.594Z] Checked if tokens are valid: true, expires at: 1765280152265
[debug] [2025-12-09T10:48:04.594Z] Checked if tokens are valid: true, expires at: 1765280152265
[debug] [2025-12-09T10:48:04.594Z] >>> [apiv2][query] GET https://compute.googleapis.com/compute/v1/projects/356804623998 [none]
[debug] [2025-12-09T10:48:04.720Z] <<< [apiv2][status] GET https://compute.googleapis.com/compute/v1/projects/356804623998 403
[debug] [2025-12-09T10:48:04.720Z] <<< [apiv2][body] GET https://compute.googleapis.com/compute/v1/projects/356804623998 {"error":{"code":403,"message":"Compute Engine API has not been used in project 356804623998 before or it is disabled. Enable it by visiting https://console.developers.google.com/apis/api/compute.googleapis.com/overview?project=356804623998 then retry. If you enabled this API recently, wait a few minutes for the action to propagate to our systems and retry.","errors":[{"message":"Compute Engine API has not been used in project 356804623998 before or it is disabled. Enable it by visiting https://console.developers.google.com/apis/api/compute.googleapis.com/overview?project=356804623998 then retry. If you enabled this API recently, wait a few minutes for the action to propagate to our systems and retry.","domain":"usageLimits","reason":"accessNotConfigured","extendedHelp":"https://console.developers.google.com"}],"status":"PERMISSION_DENIED","details":[{"@type":"type.googleapis.com/google.rpc.ErrorInfo","reason":"SERVICE_DISABLED","domain":"googleapis.com","metadata":{"service":"compute.googleapis.com","serviceTitle":"Compute Engine API","consumer":"projects/356804623998","containerInfo":"356804623998","activationUrl":"https://console.developers.google.com/apis/api/compute.googleapis.com/overview?project=356804623998"}},{"@type":"type.googleapis.com/google.rpc.LocalizedMessage","locale":"en-US","message":"Compute Engine API has not been used in project 356804623998 before or it is disabled. Enable it by visiting https://console.developers.google.com/apis/api/compute.googleapis.com/overview?project=356804623998 then retry. If you enabled this API recently, wait a few minutes for the action to propagate to our systems and retry."},{"@type":"type.googleapis.com/google.rpc.Help","links":[{"description":"Google developers console API activation","url":"https://console.developers.google.com/apis/api/compute.googleapis.com/overview?project=356804623998"}]}]}}
[debug] [2025-12-09T10:48:04.721Z] unable to look up default compute service account. Falling back to 356804623998-compute@developer.gserviceaccount.com. Error: {"name":"FirebaseError","children":[],"context":{"body":{"error":{"code":403,"message":"Compute Engine API has not been used in project 356804623998 before or it is disabled. Enable it by visiting https://console.developers.google.com/apis/api/compute.googleapis.com/overview?project=356804623998 then retry. If you enabled this API recently, wait a few minutes for the action to propagate to our systems and retry.","errors":[{"message":"Compute Engine API has not been used in project 356804623998 before or it is disabled. Enable it by visiting https://console.developers.google.com/apis/api/compute.googleapis.com/overview?project=356804623998 then retry. If you enabled this API recently, wait a few minutes for the action to propagate to our systems and retry.","domain":"usageLimits","reason":"accessNotConfigured","extendedHelp":"https://console.developers.google.com"}],"status":"PERMISSION_DENIED","details":[{"@type":"type.googleapis.com/google.rpc.ErrorInfo","reason":"SERVICE_DISABLED","domain":"googleapis.com","metadata":{"service":"compute.googleapis.com","serviceTitle":"Compute Engine API","consumer":"projects/356804623998","containerInfo":"356804623998","activationUrl":"https://console.developers.google.com/apis/api/compute.googleapis.com/overview?project=356804623998"}},{"@type":"type.googleapis.com/google.rpc.LocalizedMessage","locale":"en-US","message":"Compute Engine API has not been used in project 356804623998 before or it is disabled. Enable it by visiting https://console.developers.google.com/apis/api/compute.googleapis.com/overview?project=356804623998 then retry. If you enabled this API recently, wait a few minutes for the action to propagate to our systems and retry."},{"@type":"type.googleapis.com/google.rpc.Help","links":[{"description":"Google developers console API activation","url":"https://console.developers.google.com/apis/api/compute.googleapis.com/overview?project=356804623998"}]}]}},"response":{"statusCode":403}},"exit":1,"message":"Request to https://compute.googleapis.com/compute/v1/projects/356804623998 had HTTP Error: 403, Compute Engine API has not been used in project 356804623998 before or it is disabled. Enable it by visiting https://console.developers.google.com/apis/api/compute.googleapis.com/overview?project=356804623998 then retry. If you enabled this API recently, wait a few minutes for the action to propagate to our systems and retry.","status":403}
[debug] [2025-12-09T10:48:04.722Z] Checked if tokens are valid: true, expires at: 1765280152265
[debug] [2025-12-09T10:48:04.722Z] Checked if tokens are valid: true, expires at: 1765280152265
[debug] [2025-12-09T10:48:04.722Z] >>> [apiv2][query] GET https://cloudbilling.googleapis.com/v1/projects/tutordesk-3cafb/billingInfo [none]
[debug] [2025-12-09T10:48:05.145Z] <<< [apiv2][status] GET https://cloudbilling.googleapis.com/v1/projects/tutordesk-3cafb/billingInfo 200
[debug] [2025-12-09T10:48:05.145Z] <<< [apiv2][body] GET https://cloudbilling.googleapis.com/v1/projects/tutordesk-3cafb/billingInfo {"name":"projects/tutordesk-3cafb/billingInfo","projectId":"tutordesk-3cafb","billingAccountName":"billingAccounts/01791B-CBC6F6-31A85D","billingEnabled":true}
[debug] [2025-12-09T10:48:05.147Z] Checked if tokens are valid: true, expires at: 1765280152265
[debug] [2025-12-09T10:48:05.147Z] Checked if tokens are valid: true, expires at: 1765280152265
[debug] [2025-12-09T10:48:05.147Z] >>> [apiv2][query] POST https://cloudfunctions.googleapis.com/v2/projects/tutordesk-3cafb/locations/us-central1/functions:generateUploadUrl [none]
[debug] [2025-12-09T10:48:05.495Z] <<< [apiv2][status] POST https://cloudfunctions.googleapis.com/v2/projects/tutordesk-3cafb/locations/us-central1/functions:generateUploadUrl 200
[debug] [2025-12-09T10:48:05.495Z] <<< [apiv2][body] POST https://cloudfunctions.googleapis.com/v2/projects/tutordesk-3cafb/locations/us-central1/functions:generateUploadUrl {"uploadUrl":"https://storage.googleapis.com/gcf-v2-uploads-356804623998.us-central1.cloudfunctions.appspot.com/7f140ae4-6d58-4228-b7a1-944a6e5dd089.zip?GoogleAccessId=service-356804623998@gcf-admin-robot.iam.gserviceaccount.com&Expires=1765279086&Signature=lGSMrKNXMlYNhHn%2FKcbiwbVHoFUZ0LZN%2BP%2BX70qx8akDdTtM7OMv8datYVUG96vBgojp3%2F9LdnHD9xFXQKhP6tfNEsnYJxwkvt4WjTuxtinYLw54MtR6c3laNsEw2NoCN%2B6dHAT4%2BJSVyT7Q%2Byg4880DdnwLc5D6of5d1HAJOUv70nK5SDR9F3Fdwx%2FAW74Ic2GGe4nzdLfvjIMlfyFRowUPH%2B6A1IGxPPtZnIivmOpHKMvn1wTYK6TEOkC8Qv%2B1JmbKtwe8tLPBAp4nEI2XgfG%2BGenLln8xsV2ZwIxGYdufgqBjoNAbtUD0g%2FBXzj5yG9bN0%2BztD4%2FeQ4%2Bx3xyJfA%3D%3D","storageSource":{"bucket":"gcf-v2-uploads-356804623998.us-central1.cloudfunctions.appspot.com","object":"7f140ae4-6d58-4228-b7a1-944a6e5dd089.zip"}}
[debug] [2025-12-09T10:48:05.496Z] >>> [apiv2][query] PUT https://storage.googleapis.com/gcf-v2-uploads-356804623998.us-central1.cloudfunctions.appspot.com/7f140ae4-6d58-4228-b7a1-944a6e5dd089.zip GoogleAccessId=service-356804623998%40gcf-admin-robot.iam.gserviceaccount.com&Expires=1765279086&Signature=lGSMrKNXMlYNhHn%2FKcbiwbVHoFUZ0LZN%2BP%2BX70qx8akDdTtM7OMv8datYVUG96vBgojp3%2F9LdnHD9xFXQKhP6tfNEsnYJxwkvt4WjTuxtinYLw54MtR6c3laNsEw2NoCN%2B6dHAT4%2BJSVyT7Q%2Byg4880DdnwLc5D6of5d1HAJOUv70nK5SDR9F3Fdwx%2FAW74Ic2GGe4nzdLfvjIMlfyFRowUPH%2B6A1IGxPPtZnIivmOpHKMvn1wTYK6TEOkC8Qv%2B1JmbKtwe8tLPBAp4nEI2XgfG%2BGenLln8xsV2ZwIxGYdufgqBjoNAbtUD0g%2FBXzj5yG9bN0%2BztD4%2FeQ4%2Bx3xyJfA%3D%3D
[debug] [2025-12-09T10:48:05.496Z] >>> [apiv2][body] PUT https://storage.googleapis.com/gcf-v2-uploads-356804623998.us-central1.cloudfunctions.appspot.com/7f140ae4-6d58-4228-b7a1-944a6e5dd089.zip [stream]
[debug] [2025-12-09T10:48:05.835Z] <<< [apiv2][status] PUT https://storage.googleapis.com/gcf-v2-uploads-356804623998.us-central1.cloudfunctions.appspot.com/7f140ae4-6d58-4228-b7a1-944a6e5dd089.zip 200
[debug] [2025-12-09T10:48:05.835Z] <<< [apiv2][body] PUT https://storage.googleapis.com/gcf-v2-uploads-356804623998.us-central1.cloudfunctions.appspot.com/7f140ae4-6d58-4228-b7a1-944a6e5dd089.zip [omitted]
[info] +  functions: functions source uploaded successfully 
[info] i  functions: updating Node.js 20 (2nd Gen) function linkedinCallback(us-central1)... 
[info] i  functions: updating Node.js 20 (2nd Gen) function startLinkedInAuth(us-central1)... 
[debug] [2025-12-09T10:48:05.841Z] Checked if tokens are valid: true, expires at: 1765280152265
[debug] [2025-12-09T10:48:05.841Z] Checked if tokens are valid: true, expires at: 1765280152265
[debug] [2025-12-09T10:48:05.841Z] >>> [apiv2][query] PATCH https://cloudfunctions.googleapis.com/v2/projects/tutordesk-3cafb/locations/us-central1/functions/linkedinCallback updateMask=name%2CbuildConfig.runtime%2CbuildConfig.entryPoint%2CbuildConfig.source.storageSource.bucket%2CbuildConfig.source.storageSource.object%2CbuildConfig.environmentVariables%2CbuildConfig.sourceToken%2CserviceConfig.environmentVariables%2CserviceConfig.ingressSettings%2CserviceConfig.timeoutSeconds%2CserviceConfig.serviceAccountEmail%2CserviceConfig.availableMemory%2CserviceConfig.minInstanceCount%2CserviceConfig.maxInstanceCount%2CserviceConfig.maxInstanceRequestConcurrency%2CserviceConfig.availableCpu%2CserviceConfig.vpcConnector%2CserviceConfig.vpcConnectorEgressSettings%2Clabels
[debug] [2025-12-09T10:48:05.842Z] >>> [apiv2][body] PATCH https://cloudfunctions.googleapis.com/v2/projects/tutordesk-3cafb/locations/us-central1/functions/linkedinCallback {"name":"projects/tutordesk-3cafb/locations/us-central1/functions/linkedinCallback","buildConfig":{"runtime":"nodejs20","entryPoint":"linkedinCallback","source":{"storageSource":{"bucket":"gcf-v2-uploads-356804623998.us-central1.cloudfunctions.appspot.com","object":"7f140ae4-6d58-4228-b7a1-944a6e5dd089.zip"}},"environmentVariables":{"GOOGLE_NODE_RUN_SCRIPTS":""}},"serviceConfig":{"environmentVariables":{"LINKEDIN_CLIENT_ID":"86gadioicpfteb","LINKEDIN_CLIENT_SECRET":"WPL_AP1.Gqh84ThaL5o2hcie.O6PD/w==","LINKEDIN_REDIRECT_URI":"https://us-central1-tutordesk-3cafb.cloudfunctions.net/linkedinCallback","GOOGLE_PLACES_API_KEY":"AIzaSyDMsxoXqLaCyjo6BNmnse-hU9zJiBo0WI","APP_ORIGIN":"https://discovertutor.com,https://app.tutorwithamit.com,https://www.tutorwithamit.com,http://127.0.0.1:5501","GOOGLE_OAUTH_CLIENT_ID":"356804623998-8npee5vr5r6a58pg5pccdf5t6u8bdo61.apps.googleusercontent.com","GOOGLE_OAUTH_CLIENT_SECRET":"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","GOOGLE_OAUTH_REDIRECT_URI":"https://us-central1-tutordesk-3cafb.cloudfunctions.net/googleCalendarCallback","FIREBASE_CONFIG":"{\"projectId\":\"tutordesk-3cafb\",\"storageBucket\":\"tutordesk-3cafb.firebasestorage.app\"}","GCLOUD_PROJECT":"tutordesk-3cafb","EVENTARC_CLOUD_EVENT_SOURCE":"projects/tutordesk-3cafb/locations/us-central1/services/linkedinCallback","FUNCTION_TARGET":"linkedinCallback","LOG_EXECUTION_ID":"true"},"ingressSettings":null,"timeoutSeconds":null,"serviceAccountEmail":null,"availableMemory":"256Mi","minInstanceCount":null,"maxInstanceCount":null,"maxInstanceRequestConcurrency":80,"availableCpu":"1","vpcConnector":null,"vpcConnectorEgressSettings":null},"labels":{"deployment-tool":"cli-firebase","firebase-functions-hash":"95f00fca23f0109cfc66943f84c74ff43a5c51c4"}}
[debug] [2025-12-09T10:48:06.926Z] <<< [apiv2][status] PATCH https://cloudfunctions.googleapis.com/v2/projects/tutordesk-3cafb/locations/us-central1/functions/linkedinCallback 200
[debug] [2025-12-09T10:48:06.926Z] <<< [apiv2][body] PATCH https://cloudfunctions.googleapis.com/v2/projects/tutordesk-3cafb/locations/us-central1/functions/linkedinCallback {"name":"projects/tutordesk-3cafb/locations/us-central1/operations/operation-1765277286976-64582a59ecb36-c653d468-cc7d48ba","metadata":{"@type":"type.googleapis.com/google.cloud.functions.v2.OperationMetadata","createTime":"2025-12-09T10:48:07.727589555Z","target":"projects/tutordesk-3cafb/locations/us-central1/functions/linkedinCallback","verb":"update","cancelRequested":false,"apiVersion":"v2"},"done":false}
[debug] [2025-12-09T10:48:06.927Z] Checked if tokens are valid: true, expires at: 1765280152265
[debug] [2025-12-09T10:48:06.927Z] Checked if tokens are valid: true, expires at: 1765280152265
[debug] [2025-12-09T10:48:06.927Z] >>> [apiv2][query] GET https://cloudfunctions.googleapis.com/v2/projects/tutordesk-3cafb/locations/us-central1/operations/operation-1765277286976-64582a59ecb36-c653d468-cc7d48ba [none]
[debug] [2025-12-09T10:48:07.122Z] <<< [apiv2][status] GET https://cloudfunctions.googleapis.com/v2/projects/tutordesk-3cafb/locations/us-central1/operations/operation-1765277286976-64582a59ecb36-c653d468-cc7d48ba 200
[debug] [2025-12-09T10:48:07.122Z] <<< [apiv2][body] GET https://cloudfunctions.googleapis.com/v2/projects/tutordesk-3cafb/locations/us-central1/operations/operation-1765277286976-64582a59ecb36-c653d468-cc7d48ba {"name":"projects/tutordesk-3cafb/locations/us-central1/operations/operation-1765277286976-64582a59ecb36-c653d468-cc7d48ba","metadata":{"@type":"type.googleapis.com/google.cloud.functions.v2.OperationMetadata","createTime":"2025-12-09T10:48:07.727589555Z","target":"projects/tutordesk-3cafb/locations/us-central1/functions/linkedinCallback","verb":"update","cancelRequested":false,"apiVersion":"v2","requestResource":{"@type":"type.googleapis.com/google.cloud.functions.v2.Function","name":"projects/tutordesk-3cafb/locations/us-central1/functions/linkedinCallback","buildConfig":{"runtime":"nodejs20","entryPoint":"linkedinCallback","source":{"storageSource":{"bucket":"gcf-v2-sources-356804623998-us-central1","object":"linkedinCallback/function-source.zip","generation":"1765277287686193"}},"environmentVariables":{"GOOGLE_NODE_RUN_SCRIPTS":""},"dockerRepository":"projects/tutordesk-3cafb/locations/us-central1/repositories/gcf-artifacts","sourceProvenance":{"resolvedStorageSource":{"bucket":"gcf-v2-sources-356804623998-us-central1","object":"linkedinCallback/function-source.zip","generation":"1765276569330164"}},"dockerRegistry":"ARTIFACT_REGISTRY","serviceAccount":"projects/tutordesk-3cafb/serviceAccounts/356804623998-compute@developer.gserviceaccount.com","automaticUpdatePolicy":{}},"serviceConfig":{"service":"projects/tutordesk-3cafb/locations/us-central1/services/linkedincallback","timeoutSeconds":60,"environmentVariables":{"LINKEDIN_CLIENT_ID":"86gadioicpfteb","LINKEDIN_CLIENT_SECRET":"WPL_AP1.Gqh84ThaL5o2hcie.O6PD/w==","LINKEDIN_REDIRECT_URI":"https://us-central1-tutordesk-3cafb.cloudfunctions.net/linkedinCallback","GOOGLE_PLACES_API_KEY":"AIzaSyDMsxoXqLaCyjo6BNmnse-hU9zJiBo0WI","APP_ORIGIN":"https://discovertutor.com,https://app.tutorwithamit.com,https://www.tutorwithamit.com,http://127.0.0.1:5501","GOOGLE_OAUTH_CLIENT_ID":"356804623998-8npee5vr5r6a58pg5pccdf5t6u8bdo61.apps.googleusercontent.com","GOOGLE_OAUTH_CLIENT_SECRET":"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","GOOGLE_OAUTH_REDIRECT_URI":"https://us-central1-tutordesk-3cafb.cloudfunctions.net/googleCalendarCallback","FIREBASE_CONFIG":"{\"projectId\":\"tutordesk-3cafb\",\"storageBucket\":\"tutordesk-3cafb.firebasestorage.app\"}","GCLOUD_PROJECT":"tutordesk-3cafb","EVENTARC_CLOUD_EVENT_SOURCE":"projects/tutordesk-3cafb/locations/us-central1/services/linkedinCallback","FUNCTION_TARGET":"linkedinCallback","LOG_EXECUTION_ID":"true"},"ingressSettings":"ALLOW_ALL","uri":"https://linkedincallback-5mrcewdg3a-uc.a.run.app","serviceAccountEmail":"356804623998-compute@developer.gserviceaccount.com","availableMemory":"256Mi","allTrafficOnLatestRevision":true,"revision":"linkedincallback-00011-suz","maxInstanceRequestConcurrency":80,"availableCpu":"1"},"state":"ACTIVE","labels":{"deployment-tool":"cli-firebase","firebase-functions-hash":"95f00fca23f0109cfc66943f84c74ff43a5c51c4"},"environment":"GEN_2","url":"https://us-central1-tutordesk-3cafb.cloudfunctions.net/linkedinCallback","satisfiesPzi":true},"stages":[{"name":"BUILD","state":"NOT_STARTED"},{"name":"SERVICE","state":"NOT_STARTED"}],"operationType":"UPDATE_FUNCTION"},"done":false}
[debug] [2025-12-09T10:48:07.637Z] [update-default-us-central1-linkedinCallback] Retrying task index 0
[debug] [2025-12-09T10:48:07.637Z] Checked if tokens are valid: true, expires at: 1765280152265
[debug] [2025-12-09T10:48:07.637Z] Checked if tokens are valid: true, expires at: 1765280152265
[debug] [2025-12-09T10:48:07.637Z] >>> [apiv2][query] GET https://cloudfunctions.googleapis.com/v2/projects/tutordesk-3cafb/locations/us-central1/operations/operation-1765277286976-64582a59ecb36-c653d468-cc7d48ba [none]
[debug] [2025-12-09T10:48:07.903Z] <<< [apiv2][status] GET https://cloudfunctions.googleapis.com/v2/projects/tutordesk-3cafb/locations/us-central1/operations/operation-1765277286976-64582a59ecb36-c653d468-cc7d48ba 200
[debug] [2025-12-09T10:48:07.903Z] <<< [apiv2][body] GET https://cloudfunctions.googleapis.com/v2/projects/tutordesk-3cafb/locations/us-central1/operations/operation-1765277286976-64582a59ecb36-c653d468-cc7d48ba {"name":"projects/tutordesk-3cafb/locations/us-central1/operations/operation-1765277286976-64582a59ecb36-c653d468-cc7d48ba","metadata":{"@type":"type.googleapis.com/google.cloud.functions.v2.OperationMetadata","createTime":"2025-12-09T10:48:07.727589555Z","target":"projects/tutordesk-3cafb/locations/us-central1/functions/linkedinCallback","verb":"update","cancelRequested":false,"apiVersion":"v2","requestResource":{"@type":"type.googleapis.com/google.cloud.functions.v2.Function","name":"projects/tutordesk-3cafb/locations/us-central1/functions/linkedinCallback","buildConfig":{"runtime":"nodejs20","entryPoint":"linkedinCallback","source":{"storageSource":{"bucket":"gcf-v2-sources-356804623998-us-central1","object":"linkedinCallback/function-source.zip","generation":"1765277287686193"}},"environmentVariables":{"GOOGLE_NODE_RUN_SCRIPTS":""},"dockerRepository":"projects/tutordesk-3cafb/locations/us-central1/repositories/gcf-artifacts","sourceProvenance":{"resolvedStorageSource":{"bucket":"gcf-v2-sources-356804623998-us-central1","object":"linkedinCallback/function-source.zip","generation":"1765276569330164"}},"dockerRegistry":"ARTIFACT_REGISTRY","serviceAccount":"projects/tutordesk-3cafb/serviceAccounts/356804623998-compute@developer.gserviceaccount.com","automaticUpdatePolicy":{}},"serviceConfig":{"service":"projects/tutordesk-3cafb/locations/us-central1/services/linkedincallback","timeoutSeconds":60,"environmentVariables":{"LINKEDIN_CLIENT_ID":"86gadioicpfteb","LINKEDIN_CLIENT_SECRET":"WPL_AP1.Gqh84ThaL5o2hcie.O6PD/w==","LINKEDIN_REDIRECT_URI":"https://us-central1-tutordesk-3cafb.cloudfunctions.net/linkedinCallback","GOOGLE_PLACES_API_KEY":"AIzaSyDMsxoXqLaCyjo6BNmnse-hU9zJiBo0WI","APP_ORIGIN":"https://discovertutor.com,https://app.tutorwithamit.com,https://www.tutorwithamit.com,http://127.0.0.1:5501","GOOGLE_OAUTH_CLIENT_ID":"356804623998-8npee5vr5r6a58pg5pccdf5t6u8bdo61.apps.googleusercontent.com","GOOGLE_OAUTH_CLIENT_SECRET":"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","GOOGLE_OAUTH_REDIRECT_URI":"https://us-central1-tutordesk-3cafb.cloudfunctions.net/googleCalendarCallback","FIREBASE_CONFIG":"{\"projectId\":\"tutordesk-3cafb\",\"storageBucket\":\"tutordesk-3cafb.firebasestorage.app\"}","GCLOUD_PROJECT":"tutordesk-3cafb","EVENTARC_CLOUD_EVENT_SOURCE":"projects/tutordesk-3cafb/locations/us-central1/services/linkedinCallback","FUNCTION_TARGET":"linkedinCallback","LOG_EXECUTION_ID":"true"},"ingressSettings":"ALLOW_ALL","uri":"https://linkedincallback-5mrcewdg3a-uc.a.run.app","serviceAccountEmail":"356804623998-compute@developer.gserviceaccount.com","availableMemory":"256Mi","allTrafficOnLatestRevision":true,"revision":"linkedincallback-00011-suz","maxInstanceRequestConcurrency":80,"availableCpu":"1"},"state":"ACTIVE","labels":{"deployment-tool":"cli-firebase","firebase-functions-hash":"95f00fca23f0109cfc66943f84c74ff43a5c51c4"},"environment":"GEN_2","url":"https://us-central1-tutordesk-3cafb.cloudfunctions.net/linkedinCallback","satisfiesPzi":true},"stages":[{"name":"BUILD","message":"Build in progress","state":"IN_PROGRESS","resource":"projects/356804623998/locations/us-central1/builds/bb9fc4ae-c161-44f5-9c1b-bf44dee3f60c","resourceUri":"https://console.cloud.google.com/cloud-build/builds;region=us-central1/bb9fc4ae-c161-44f5-9c1b-bf44dee3f60c?project=356804623998"},{"name":"SERVICE","state":"NOT_STARTED"}],"operationType":"UPDATE_FUNCTION","buildName":"projects/356804623998/locations/us-central1/builds/bb9fc4ae-c161-44f5-9c1b-bf44dee3f60c"},"done":false}
[debug] [2025-12-09T10:48:08.903Z] [update-default-us-central1-linkedinCallback] Retrying task index 0
[debug] [2025-12-09T10:48:08.904Z] Checked if tokens are valid: true, expires at: 1765280152265
[debug] [2025-12-09T10:48:08.905Z] Checked if tokens are valid: true, expires at: 1765280152265
[debug] [2025-12-09T10:48:08.905Z] >>> [apiv2][query] GET https://cloudfunctions.googleapis.com/v2/projects/tutordesk-3cafb/locations/us-central1/operations/operation-1765277286976-64582a59ecb36-c653d468-cc7d48ba [none]
[debug] [2025-12-09T10:48:09.172Z] <<< [apiv2][status] GET https://cloudfunctions.googleapis.com/v2/projects/tutordesk-3cafb/locations/us-central1/operations/operation-1765277286976-64582a59ecb36-c653d468-cc7d48ba 200
[debug] [2025-12-09T10:48:09.172Z] <<< [apiv2][body] GET https://cloudfunctions.googleapis.com/v2/projects/tutordesk-3cafb/locations/us-central1/operations/operation-1765277286976-64582a59ecb36-c653d468-cc7d48ba {"name":"projects/tutordesk-3cafb/locations/us-central1/operations/operation-1765277286976-64582a59ecb36-c653d468-cc7d48ba","metadata":{"@type":"type.googleapis.com/google.cloud.functions.v2.OperationMetadata","createTime":"2025-12-09T10:48:07.727589555Z","target":"projects/tutordesk-3cafb/locations/us-central1/functions/linkedinCallback","verb":"update","cancelRequested":false,"apiVersion":"v2","requestResource":{"@type":"type.googleapis.com/google.cloud.functions.v2.Function","name":"projects/tutordesk-3cafb/locations/us-central1/functions/linkedinCallback","buildConfig":{"runtime":"nodejs20","entryPoint":"linkedinCallback","source":{"storageSource":{"bucket":"gcf-v2-sources-356804623998-us-central1","object":"linkedinCallback/function-source.zip","generation":"1765277287686193"}},"environmentVariables":{"GOOGLE_NODE_RUN_SCRIPTS":""},"dockerRepository":"projects/tutordesk-3cafb/locations/us-central1/repositories/gcf-artifacts","sourceProvenance":{"resolvedStorageSource":{"bucket":"gcf-v2-sources-356804623998-us-central1","object":"linkedinCallback/function-source.zip","generation":"1765276569330164"}},"dockerRegistry":"ARTIFACT_REGISTRY","serviceAccount":"projects/tutordesk-3cafb/serviceAccounts/356804623998-compute@developer.gserviceaccount.com","automaticUpdatePolicy":{}},"serviceConfig":{"service":"projects/tutordesk-3cafb/locations/us-central1/services/linkedincallback","timeoutSeconds":60,"environmentVariables":{"LINKEDIN_CLIENT_ID":"86gadioicpfteb","LINKEDIN_CLIENT_SECRET":"WPL_AP1.Gqh84ThaL5o2hcie.O6PD/w==","LINKEDIN_REDIRECT_URI":"https://us-central1-tutordesk-3cafb.cloudfunctions.net/linkedinCallback","GOOGLE_PLACES_API_KEY":"AIzaSyDMsxoXqLaCyjo6BNmnse-hU9zJiBo0WI","APP_ORIGIN":"https://discovertutor.com,https://app.tutorwithamit.com,https://www.tutorwithamit.com,http://127.0.0.1:5501","GOOGLE_OAUTH_CLIENT_ID":"356804623998-8npee5vr5r6a58pg5pccdf5t6u8bdo61.apps.googleusercontent.com","GOOGLE_OAUTH_CLIENT_SECRET":"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","GOOGLE_OAUTH_REDIRECT_URI":"https://us-central1-tutordesk-3cafb.cloudfunctions.net/googleCalendarCallback","FIREBASE_CONFIG":"{\"projectId\":\"tutordesk-3cafb\",\"storageBucket\":\"tutordesk-3cafb.firebasestorage.app\"}","GCLOUD_PROJECT":"tutordesk-3cafb","EVENTARC_CLOUD_EVENT_SOURCE":"projects/tutordesk-3cafb/locations/us-central1/services/linkedinCallback","FUNCTION_TARGET":"linkedinCallback","LOG_EXECUTION_ID":"true"},"ingressSettings":"ALLOW_ALL","uri":"https://linkedincallback-5mrcewdg3a-uc.a.run.app","serviceAccountEmail":"356804623998-compute@developer.gserviceaccount.com","availableMemory":"256Mi","allTrafficOnLatestRevision":true,"revision":"linkedincallback-00011-suz","maxInstanceRequestConcurrency":80,"availableCpu":"1"},"state":"ACTIVE","labels":{"deployment-tool":"cli-firebase","firebase-functions-hash":"95f00fca23f0109cfc66943f84c74ff43a5c51c4"},"environment":"GEN_2","url":"https://us-central1-tutordesk-3cafb.cloudfunctions.net/linkedinCallback","satisfiesPzi":true},"stages":[{"name":"BUILD","message":"Build in progress","state":"IN_PROGRESS","resource":"projects/356804623998/locations/us-central1/builds/bb9fc4ae-c161-44f5-9c1b-bf44dee3f60c","resourceUri":"https://console.cloud.google.com/cloud-build/builds;region=us-central1/bb9fc4ae-c161-44f5-9c1b-bf44dee3f60c?project=356804623998"},{"name":"SERVICE","state":"NOT_STARTED"}],"operationType":"UPDATE_FUNCTION","buildName":"projects/356804623998/locations/us-central1/builds/bb9fc4ae-c161-44f5-9c1b-bf44dee3f60c"},"done":false}
[debug] [2025-12-09T10:48:11.181Z] [update-default-us-central1-linkedinCallback] Retrying task index 0
[debug] [2025-12-09T10:48:11.182Z] Checked if tokens are valid: true, expires at: 1765280152265
[debug] [2025-12-09T10:48:11.183Z] Checked if tokens are valid: true, expires at: 1765280152265
[debug] [2025-12-09T10:48:11.183Z] >>> [apiv2][query] GET https://cloudfunctions.googleapis.com/v2/projects/tutordesk-3cafb/locations/us-central1/operations/operation-1765277286976-64582a59ecb36-c653d468-cc7d48ba [none]
[debug] [2025-12-09T10:48:11.481Z] <<< [apiv2][status] GET https://cloudfunctions.googleapis.com/v2/projects/tutordesk-3cafb/locations/us-central1/operations/operation-1765277286976-64582a59ecb36-c653d468-cc7d48ba 200
[debug] [2025-12-09T10:48:11.482Z] <<< [apiv2][body] GET https://cloudfunctions.googleapis.com/v2/projects/tutordesk-3cafb/locations/us-central1/operations/operation-1765277286976-64582a59ecb36-c653d468-cc7d48ba {"name":"projects/tutordesk-3cafb/locations/us-central1/operations/operation-1765277286976-64582a59ecb36-c653d468-cc7d48ba","metadata":{"@type":"type.googleapis.com/google.cloud.functions.v2.OperationMetadata","createTime":"2025-12-09T10:48:07.727589555Z","target":"projects/tutordesk-3cafb/locations/us-central1/functions/linkedinCallback","verb":"update","cancelRequested":false,"apiVersion":"v2","requestResource":{"@type":"type.googleapis.com/google.cloud.functions.v2.Function","name":"projects/tutordesk-3cafb/locations/us-central1/functions/linkedinCallback","buildConfig":{"runtime":"nodejs20","entryPoint":"linkedinCallback","source":{"storageSource":{"bucket":"gcf-v2-sources-356804623998-us-central1","object":"linkedinCallback/function-source.zip","generation":"1765277287686193"}},"environmentVariables":{"GOOGLE_NODE_RUN_SCRIPTS":""},"dockerRepository":"projects/tutordesk-3cafb/locations/us-central1/repositories/gcf-artifacts","sourceProvenance":{"resolvedStorageSource":{"bucket":"gcf-v2-sources-356804623998-us-central1","object":"linkedinCallback/function-source.zip","generation":"1765276569330164"}},"dockerRegistry":"ARTIFACT_REGISTRY","serviceAccount":"projects/tutordesk-3cafb/serviceAccounts/356804623998-compute@developer.gserviceaccount.com","automaticUpdatePolicy":{}},"serviceConfig":{"service":"projects/tutordesk-3cafb/locations/us-central1/services/linkedincallback","timeoutSeconds":60,"environmentVariables":{"LINKEDIN_CLIENT_ID":"86gadioicpfteb","LINKEDIN_CLIENT_SECRET":"WPL_AP1.Gqh84ThaL5o2hcie.O6PD/w==","LINKEDIN_REDIRECT_URI":"https://us-central1-tutordesk-3cafb.cloudfunctions.net/linkedinCallback","GOOGLE_PLACES_API_KEY":"AIzaSyDMsxoXqLaCyjo6BNmnse-hU9zJiBo0WI","APP_ORIGIN":"https://discovertutor.com,https://app.tutorwithamit.com,https://www.tutorwithamit.com,http://127.0.0.1:5501","GOOGLE_OAUTH_CLIENT_ID":"356804623998-8npee5vr5r6a58pg5pccdf5t6u8bdo61.apps.googleusercontent.com","GOOGLE_OAUTH_CLIENT_SECRET":"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","GOOGLE_OAUTH_REDIRECT_URI":"https://us-central1-tutordesk-3cafb.cloudfunctions.net/googleCalendarCallback","FIREBASE_CONFIG":"{\"projectId\":\"tutordesk-3cafb\",\"storageBucket\":\"tutordesk-3cafb.firebasestorage.app\"}","GCLOUD_PROJECT":"tutordesk-3cafb","EVENTARC_CLOUD_EVENT_SOURCE":"projects/tutordesk-3cafb/locations/us-central1/services/linkedinCallback","FUNCTION_TARGET":"linkedinCallback","LOG_EXECUTION_ID":"true"},"ingressSettings":"ALLOW_ALL","uri":"https://linkedincallback-5mrcewdg3a-uc.a.run.app","serviceAccountEmail":"356804623998-compute@developer.gserviceaccount.com","availableMemory":"256Mi","allTrafficOnLatestRevision":true,"revision":"linkedincallback-00011-suz","maxInstanceRequestConcurrency":80,"availableCpu":"1"},"state":"ACTIVE","labels":{"deployment-tool":"cli-firebase","firebase-functions-hash":"95f00fca23f0109cfc66943f84c74ff43a5c51c4"},"environment":"GEN_2","url":"https://us-central1-tutordesk-3cafb.cloudfunctions.net/linkedinCallback","satisfiesPzi":true},"stages":[{"name":"BUILD","message":"Build in progress","state":"IN_PROGRESS","resource":"projects/356804623998/locations/us-central1/builds/bb9fc4ae-c161-44f5-9c1b-bf44dee3f60c","resourceUri":"https://console.cloud.google.com/cloud-build/builds;region=us-central1/bb9fc4ae-c161-44f5-9c1b-bf44dee3f60c?project=356804623998"},{"name":"SERVICE","state":"NOT_STARTED"}],"operationType":"UPDATE_FUNCTION","buildName":"projects/356804623998/locations/us-central1/builds/bb9fc4ae-c161-44f5-9c1b-bf44dee3f60c"},"done":false}
[debug] [2025-12-09T10:48:15.485Z] [update-default-us-central1-linkedinCallback] Retrying task index 0
[debug] [2025-12-09T10:48:15.485Z] Checked if tokens are valid: true, expires at: 1765280152265
[debug] [2025-12-09T10:48:15.485Z] Checked if tokens are valid: true, expires at: 1765280152265
[debug] [2025-12-09T10:48:15.485Z] >>> [apiv2][query] GET https://cloudfunctions.googleapis.com/v2/projects/tutordesk-3cafb/locations/us-central1/operations/operation-1765277286976-64582a59ecb36-c653d468-cc7d48ba [none]
[debug] [2025-12-09T10:48:15.590Z] <<< [apiv2][status] GET https://cloudfunctions.googleapis.com/v2/projects/tutordesk-3cafb/locations/us-central1/operations/operation-1765277286976-64582a59ecb36-c653d468-cc7d48ba 200
[debug] [2025-12-09T10:48:15.590Z] <<< [apiv2][body] GET https://cloudfunctions.googleapis.com/v2/projects/tutordesk-3cafb/locations/us-central1/operations/operation-1765277286976-64582a59ecb36-c653d468-cc7d48ba {"name":"projects/tutordesk-3cafb/locations/us-central1/operations/operation-1765277286976-64582a59ecb36-c653d468-cc7d48ba","metadata":{"@type":"type.googleapis.com/google.cloud.functions.v2.OperationMetadata","createTime":"2025-12-09T10:48:07.727589555Z","target":"projects/tutordesk-3cafb/locations/us-central1/functions/linkedinCallback","verb":"update","cancelRequested":false,"apiVersion":"v2","requestResource":{"@type":"type.googleapis.com/google.cloud.functions.v2.Function","name":"projects/tutordesk-3cafb/locations/us-central1/functions/linkedinCallback","buildConfig":{"runtime":"nodejs20","entryPoint":"linkedinCallback","source":{"storageSource":{"bucket":"gcf-v2-sources-356804623998-us-central1","object":"linkedinCallback/function-source.zip","generation":"1765277287686193"}},"environmentVariables":{"GOOGLE_NODE_RUN_SCRIPTS":""},"dockerRepository":"projects/tutordesk-3cafb/locations/us-central1/repositories/gcf-artifacts","sourceProvenance":{"resolvedStorageSource":{"bucket":"gcf-v2-sources-356804623998-us-central1","object":"linkedinCallback/function-source.zip","generation":"1765276569330164"}},"dockerRegistry":"ARTIFACT_REGISTRY","serviceAccount":"projects/tutordesk-3cafb/serviceAccounts/356804623998-compute@developer.gserviceaccount.com","automaticUpdatePolicy":{}},"serviceConfig":{"service":"projects/tutordesk-3cafb/locations/us-central1/services/linkedincallback","timeoutSeconds":60,"environmentVariables":{"LINKEDIN_CLIENT_ID":"86gadioicpfteb","LINKEDIN_CLIENT_SECRET":"WPL_AP1.Gqh84ThaL5o2hcie.O6PD/w==","LINKEDIN_REDIRECT_URI":"https://us-central1-tutordesk-3cafb.cloudfunctions.net/linkedinCallback","GOOGLE_PLACES_API_KEY":"AIzaSyDMsxoXqLaCyjo6BNmnse-hU9zJiBo0WI","APP_ORIGIN":"https://discovertutor.com,https://app.tutorwithamit.com,https://www.tutorwithamit.com,http://127.0.0.1:5501","GOOGLE_OAUTH_CLIENT_ID":"356804623998-8npee5vr5r6a58pg5pccdf5t6u8bdo61.apps.googleusercontent.com","GOOGLE_OAUTH_CLIENT_SECRET":"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","GOOGLE_OAUTH_REDIRECT_URI":"https://us-central1-tutordesk-3cafb.cloudfunctions.net/googleCalendarCallback","FIREBASE_CONFIG":"{\"projectId\":\"tutordesk-3cafb\",\"storageBucket\":\"tutordesk-3cafb.firebasestorage.app\"}","GCLOUD_PROJECT":"tutordesk-3cafb","EVENTARC_CLOUD_EVENT_SOURCE":"projects/tutordesk-3cafb/locations/us-central1/services/linkedinCallback","FUNCTION_TARGET":"linkedinCallback","LOG_EXECUTION_ID":"true"},"ingressSettings":"ALLOW_ALL","uri":"https://linkedincallback-5mrcewdg3a-uc.a.run.app","serviceAccountEmail":"356804623998-compute@developer.gserviceaccount.com","availableMemory":"256Mi","allTrafficOnLatestRevision":true,"revision":"linkedincallback-00011-suz","maxInstanceRequestConcurrency":80,"availableCpu":"1"},"state":"ACTIVE","labels":{"deployment-tool":"cli-firebase","firebase-functions-hash":"95f00fca23f0109cfc66943f84c74ff43a5c51c4"},"environment":"GEN_2","url":"https://us-central1-tutordesk-3cafb.cloudfunctions.net/linkedinCallback","satisfiesPzi":true},"stages":[{"name":"BUILD","message":"Build in progress","state":"IN_PROGRESS","resource":"projects/356804623998/locations/us-central1/builds/bb9fc4ae-c161-44f5-9c1b-bf44dee3f60c","resourceUri":"https://console.cloud.google.com/cloud-build/builds;region=us-central1/bb9fc4ae-c161-44f5-9c1b-bf44dee3f60c?project=356804623998"},{"name":"SERVICE","state":"NOT_STARTED"}],"operationType":"UPDATE_FUNCTION","buildName":"projects/356804623998/locations/us-central1/builds/bb9fc4ae-c161-44f5-9c1b-bf44dee3f60c"},"done":false}
